#
# There is insufficient memory for the Java Runtime Environment to continue.
# Native memory allocation (malloc) failed to allocate 32744 bytes for Chunk::new
# Possible reasons:
#   The system is out of physical RAM or swap space
#   The process is running with CompressedOops enabled, and the Java Heap may be blocking the growth of the native heap
# Possible solutions:
#   Reduce memory load on the system
#   Increase physical memory or swap space
#   Check if swap backing store is full
#   Decrease Java heap size (-Xmx/-Xms)
#   Decrease number of Java threads
#
#  
Intel(R) Pentium(R) CPU  N3700  @ 1.60GHz, 4 cores, 3G,  Windows 10 , 64 bit Build 19041 (10.0.19041.1889)
Time: Tue Sep  6 17:50:14 2022 Pacific Daylight Time elapsed time: 24338.062425 seconds (0d 6h 45m 38s)

---------------  T H R E A D  ---------------

Current thread (0x0000029efee6b460):  JavaThread "C2 CompilerThread0" daemon [_thread_in_native, id=8864, stack(0x000000eaa6f00000,0x000000eaa7000000)]


Current CompileTask:
C2:24338065 1543       4       java.net.URLStreamHandler::setURL (73 bytes)

Stack: [0x000000eaa6f00000,0x000000eaa7000000]
Native frames: (J=compiled Java code, j=interpreted, Vv=VM code, C=native code)
V  [jvm.dll+0x69887a]
V  [jvm.dll+0x7f38bd]
V  [jvm.dll+0x7f51ce]
V  [jvm.dll+0x7f5883]
V  [jvm.dll+0x25ca3f]
V  [jvm.dll+0xb8c2f]
V  [jvm.dll+0xb8fa5]
V  [jvm.dll+0x1f745a]
V  [jvm.dll+0x1f57bf]
V  [jvm.dll+0x1f4f27]
V  [jvm.dll+0x1f5eb1]
V  [jvm.dll+0x1f51ae]
V  [jvm.dll+0x1e4f20]
V  [jvm.dll+0x13a444]
V  [jvm.dll+0x2c4e16]
V  [jvm.dll+0x2c6ade]
V  [jvm.dll+0x6b0b0e]
V  [jvm.dll+0x6a8c3b]
V  [jvm.dll+0x6a8275]
V  [jvm.dll+0x6a612b]
V  [jvm.dll+0x1bce5c]
V  [jvm.dll+0x2c6b58]
V  [jvm.dll+0x6b0b0e]
V  [jvm.dll+0x6a8c3b]
V  [jvm.dll+0x6a8275]
V  [jvm.dll+0x6a612b]
V  [jvm.dll+0x1bce5c]
V  [jvm.dll+0x2c6b58]
V  [jvm.dll+0x6b0b0e]
V  [jvm.dll+0x6a8c3b]
V  [jvm.dll+0x6a8275]
V  [jvm.dll+0x6a612b]
V  [jvm.dll+0x1bce5c]
V  [jvm.dll+0x22ebb8]
V  [jvm.dll+0x1b9cfc]
V  [jvm.dll+0x23e8ca]
V  [jvm.dll+0x23cbb5]
V  [jvm.dll+0x7a5fb1]
V  [jvm.dll+0x7a03ea]
V  [jvm.dll+0x697725]
C  [ucrtbase.dll+0x21bb2]
C  [KERNEL32.DLL+0x17034]
C  [ntdll.dll+0x52651]


---------------  P R O C E S S  ---------------

Threads class SMR info:
_java_thread_list=0x0000029e9b0031d0, length=13, elements={
0x0000029efa3fd650, 0x0000029efee4b3d0, 0x0000029efee4c050, 0x0000029efee63cd0,
0x0000029efee64190, 0x0000029efee64650, 0x0000029efee66b20, 0x0000029efee6b460,
0x0000029efeea2240, 0x0000029efeeefec0, 0x0000029e9ac631b0, 0x0000029e9ac678f0,
0x0000029e9acebfa0
}

Java Threads: ( => current thread )
  0x0000029efa3fd650 JavaThread "main" [_thread_in_native, id=14952, stack(0x000000eaa6200000,0x000000eaa6300000)]
  0x0000029efee4b3d0 JavaThread "Reference Handler" daemon [_thread_blocked, id=8060, stack(0x000000eaa6900000,0x000000eaa6a00000)]
  0x0000029efee4c050 JavaThread "Finalizer" daemon [_thread_blocked, id=5972, stack(0x000000eaa6a00000,0x000000eaa6b00000)]
  0x0000029efee63cd0 JavaThread "Signal Dispatcher" daemon [_thread_blocked, id=13452, stack(0x000000eaa6b00000,0x000000eaa6c00000)]
  0x0000029efee64190 JavaThread "Attach Listener" daemon [_thread_blocked, id=14060, stack(0x000000eaa6c00000,0x000000eaa6d00000)]
  0x0000029efee64650 JavaThread "Service Thread" daemon [_thread_blocked, id=12684, stack(0x000000eaa6d00000,0x000000eaa6e00000)]
  0x0000029efee66b20 JavaThread "Monitor Deflation Thread" daemon [_thread_blocked, id=13380, stack(0x000000eaa6e00000,0x000000eaa6f00000)]
=>0x0000029efee6b460 JavaThread "C2 CompilerThread0" daemon [_thread_in_native, id=8864, stack(0x000000eaa6f00000,0x000000eaa7000000)]
  0x0000029efeea2240 JavaThread "C1 CompilerThread0" daemon [_thread_blocked, id=13280, stack(0x000000eaa7000000,0x000000eaa7100000)]
  0x0000029efeeefec0 JavaThread "Sweeper thread" daemon [_thread_blocked, id=11836, stack(0x000000eaa7100000,0x000000eaa7200000)]
  0x0000029e9ac631b0 JavaThread "Notification Thread" daemon [_thread_blocked, id=3384, stack(0x000000eaa7200000,0x000000eaa7300000)]
  0x0000029e9ac678f0 JavaThread "Common-Cleaner" daemon [_thread_blocked, id=10256, stack(0x000000eaa7400000,0x000000eaa7500000)]
  0x0000029e9acebfa0 JavaThread "mysql-cj-abandoned-connection-cleanup" daemon [_thread_blocked, id=13224, stack(0x000000eaa7500000,0x000000eaa7600000)]

Other Threads:
  0x0000029efee484c0 VMThread "VM Thread" [stack: 0x000000eaa6800000,0x000000eaa6900000] [id=6740]
  0x0000029e9ac67680 WatcherThread "VM Periodic Task Thread" [stack: 0x000000eaa7300000,0x000000eaa7400000] [id=12032]
  0x0000029efa43e1d0 WorkerThread "GC Thread#0" [stack: 0x000000eaa6300000,0x000000eaa6400000] [id=5328]
  0x0000029e9b25c3b0 WorkerThread "GC Thread#1" [stack: 0x000000eaa7600000,0x000000eaa7700000] [id=13012]
  0x0000029e9b2839e0 WorkerThread "GC Thread#2" [stack: 0x000000eaa7700000,0x000000eaa7800000] [id=15124]
  0x0000029e9b28d630 WorkerThread "GC Thread#3" [stack: 0x000000eaa7800000,0x000000eaa7900000] [id=13912]
  0x0000029efa448500 ConcurrentGCThread "G1 Main Marker" [stack: 0x000000eaa6400000,0x000000eaa6500000] [id=11828]
  0x0000029efa448e00 WorkerThread "G1 Conc#0" [stack: 0x000000eaa6500000,0x000000eaa6600000] [id=1112]
  0x0000029efa476510 ConcurrentGCThread "G1 Refine#0" [stack: 0x000000eaa6600000,0x000000eaa6700000] [id=7996]
  0x0000029e9af6cc80 ConcurrentGCThread "G1 Refine#1" [stack: 0x000000eaa7900000,0x000000eaa7a00000] [id=5624]
  0x0000029efa478950 ConcurrentGCThread "G1 Service" [stack: 0x000000eaa6700000,0x000000eaa6800000] [id=14780]

Threads with active compile tasks:
C2 CompilerThread0  24338370 1543       4       java.net.URLStreamHandler::setURL (73 bytes)

VM state: not at safepoint (normal execution)

VM Mutex/Monitor currently owned by a thread: None

Heap address: 0x00000000c1600000, size: 1002 MB, Compressed Oops mode: 32-bit

CDS archive(s) mapped at: [0x0000000800000000-0x0000000800ba0000-0x0000000800ba0000), size 12189696, SharedBaseAddress: 0x0000000800000000, ArchiveRelocationMode: 0.
Compressed class space mapped at: 0x0000000800c00000-0x0000000840c00000, reserved size: 1073741824
Narrow klass base: 0x0000000800000000, Narrow klass shift: 0, Narrow klass range: 0x100000000

GC Precious Log:
 CardTable entry size: 512
 Card Set container configuration: InlinePtr #cards 5 size 8 Array Of Cards #cards 12 size 40 Howl #buckets 4 coarsen threshold 1843 Howl Bitmap #cards 512 size 80 coarsen threshold 460 Card regions per heap region 1 cards per card region 2048
 CPUs: 4 total, 4 available
 Memory: 4007M
 Large Page Support: Disabled
 NUMA Support: Disabled
 Compressed Oops: Enabled (32-bit)
 Heap Region Size: 1M
 Heap Min Capacity: 8M
 Heap Initial Capacity: 64M
 Heap Max Capacity: 1002M
 Pre-touch: Disabled
 Parallel Workers: 4
 Concurrent Workers: 1
 Concurrent Refinement Workers: 4
 Periodic GC: Disabled

Heap:
 garbage-first heap   total 65536K, used 4609K [0x00000000c1600000, 0x0000000100000000)
  region size 1024K, 2 young (2048K), 1 survivors (1024K)
 Metaspace       used 10479K, committed 10688K, reserved 1114112K
  class space    used 1096K, committed 1216K, reserved 1048576K

Heap Regions: E=young(eden), S=young(survivor), O=old, HS=humongous(starts), HC=humongous(continues), CS=collection set, F=free, OA=open archive, CA=closed archive, TAMS=top-at-mark-start (previous, next)
|   0|0x00000000c1600000, 0x00000000c1700000, 0x00000000c1700000|100%| O|  |TAMS 0x00000000c1600000, 0x00000000c1600000| Untracked 
|   1|0x00000000c1700000, 0x00000000c1800000, 0x00000000c1800000|100%| O|  |TAMS 0x00000000c1700000, 0x00000000c1700000| Untracked 
|   2|0x00000000c1800000, 0x00000000c1900000, 0x00000000c1900000|100%| O|  |TAMS 0x00000000c1800000, 0x00000000c1800000| Untracked 
|   3|0x00000000c1900000, 0x00000000c19cb800, 0x00000000c1a00000| 79%| O|  |TAMS 0x00000000c1900000, 0x00000000c1900000| Untracked 
|   4|0x00000000c1a00000, 0x00000000c1a00000, 0x00000000c1b00000|  0%| F|  |TAMS 0x00000000c1a00000, 0x00000000c1a00000| Untracked 
|   5|0x00000000c1b00000, 0x00000000c1b00000, 0x00000000c1c00000|  0%| F|  |TAMS 0x00000000c1b00000, 0x00000000c1b00000| Untracked 
|   6|0x00000000c1c00000, 0x00000000c1c00000, 0x00000000c1d00000|  0%| F|  |TAMS 0x00000000c1c00000, 0x00000000c1c00000| Untracked 
|   7|0x00000000c1d00000, 0x00000000c1d00000, 0x00000000c1e00000|  0%| F|  |TAMS 0x00000000c1d00000, 0x00000000c1d00000| Untracked 
|   8|0x00000000c1e00000, 0x00000000c1e00000, 0x00000000c1f00000|  0%| F|  |TAMS 0x00000000c1e00000, 0x00000000c1e00000| Untracked 
|   9|0x00000000c1f00000, 0x00000000c1f00000, 0x00000000c2000000|  0%| F|  |TAMS 0x00000000c1f00000, 0x00000000c1f00000| Untracked 
|  10|0x00000000c2000000, 0x00000000c2000000, 0x00000000c2100000|  0%| F|  |TAMS 0x00000000c2000000, 0x00000000c2000000| Untracked 
|  11|0x00000000c2100000, 0x00000000c2100000, 0x00000000c2200000|  0%| F|  |TAMS 0x00000000c2100000, 0x00000000c2100000| Untracked 
|  12|0x00000000c2200000, 0x00000000c2200000, 0x00000000c2300000|  0%| F|  |TAMS 0x00000000c2200000, 0x00000000c2200000| Untracked 
|  13|0x00000000c2300000, 0x00000000c2300000, 0x00000000c2400000|  0%| F|  |TAMS 0x00000000c2300000, 0x00000000c2300000| Untracked 
|  14|0x00000000c2400000, 0x00000000c2400000, 0x00000000c2500000|  0%| F|  |TAMS 0x00000000c2400000, 0x00000000c2400000| Untracked 
|  15|0x00000000c2500000, 0x00000000c2500000, 0x00000000c2600000|  0%| F|  |TAMS 0x00000000c2500000, 0x00000000c2500000| Untracked 
|  16|0x00000000c2600000, 0x00000000c2600000, 0x00000000c2700000|  0%| F|  |TAMS 0x00000000c2600000, 0x00000000c2600000| Untracked 
|  17|0x00000000c2700000, 0x00000000c2700000, 0x00000000c2800000|  0%| F|  |TAMS 0x00000000c2700000, 0x00000000c2700000| Untracked 
|  18|0x00000000c2800000, 0x00000000c2800000, 0x00000000c2900000|  0%| F|  |TAMS 0x00000000c2800000, 0x00000000c2800000| Untracked 
|  19|0x00000000c2900000, 0x00000000c2900000, 0x00000000c2a00000|  0%| F|  |TAMS 0x00000000c2900000, 0x00000000c2900000| Untracked 
|  20|0x00000000c2a00000, 0x00000000c2a00000, 0x00000000c2b00000|  0%| F|  |TAMS 0x00000000c2a00000, 0x00000000c2a00000| Untracked 
|  21|0x00000000c2b00000, 0x00000000c2b00000, 0x00000000c2c00000|  0%| F|  |TAMS 0x00000000c2b00000, 0x00000000c2b00000| Untracked 
|  22|0x00000000c2c00000, 0x00000000c2c00000, 0x00000000c2d00000|  0%| F|  |TAMS 0x00000000c2c00000, 0x00000000c2c00000| Untracked 
|  23|0x00000000c2d00000, 0x00000000c2d00000, 0x00000000c2e00000|  0%| F|  |TAMS 0x00000000c2d00000, 0x00000000c2d00000| Untracked 
|  24|0x00000000c2e00000, 0x00000000c2e00000, 0x00000000c2f00000|  0%| F|  |TAMS 0x00000000c2e00000, 0x00000000c2e00000| Untracked 
|  25|0x00000000c2f00000, 0x00000000c2f00000, 0x00000000c3000000|  0%| F|  |TAMS 0x00000000c2f00000, 0x00000000c2f00000| Untracked 
|  26|0x00000000c3000000, 0x00000000c3000000, 0x00000000c3100000|  0%| F|  |TAMS 0x00000000c3000000, 0x00000000c3000000| Untracked 
|  27|0x00000000c3100000, 0x00000000c3100000, 0x00000000c3200000|  0%| F|  |TAMS 0x00000000c3100000, 0x00000000c3100000| Untracked 
|  28|0x00000000c3200000, 0x00000000c3200000, 0x00000000c3300000|  0%| F|  |TAMS 0x00000000c3200000, 0x00000000c3200000| Untracked 
|  29|0x00000000c3300000, 0x00000000c3300000, 0x00000000c3400000|  0%| F|  |TAMS 0x00000000c3300000, 0x00000000c3300000| Untracked 
|  30|0x00000000c3400000, 0x00000000c3400000, 0x00000000c3500000|  0%| F|  |TAMS 0x00000000c3400000, 0x00000000c3400000| Untracked 
|  31|0x00000000c3500000, 0x00000000c3500000, 0x00000000c3600000|  0%| F|  |TAMS 0x00000000c3500000, 0x00000000c3500000| Untracked 
|  32|0x00000000c3600000, 0x00000000c3600000, 0x00000000c3700000|  0%| F|  |TAMS 0x00000000c3600000, 0x00000000c3600000| Untracked 
|  33|0x00000000c3700000, 0x00000000c3700000, 0x00000000c3800000|  0%| F|  |TAMS 0x00000000c3700000, 0x00000000c3700000| Untracked 
|  34|0x00000000c3800000, 0x00000000c3800000, 0x00000000c3900000|  0%| F|  |TAMS 0x00000000c3800000, 0x00000000c3800000| Untracked 
|  35|0x00000000c3900000, 0x00000000c3900000, 0x00000000c3a00000|  0%| F|  |TAMS 0x00000000c3900000, 0x00000000c3900000| Untracked 
|  36|0x00000000c3a00000, 0x00000000c3a00000, 0x00000000c3b00000|  0%| F|  |TAMS 0x00000000c3a00000, 0x00000000c3a00000| Untracked 
|  37|0x00000000c3b00000, 0x00000000c3b00000, 0x00000000c3c00000|  0%| F|  |TAMS 0x00000000c3b00000, 0x00000000c3b00000| Untracked 
|  38|0x00000000c3c00000, 0x00000000c3c00000, 0x00000000c3d00000|  0%| F|  |TAMS 0x00000000c3c00000, 0x00000000c3c00000| Untracked 
|  39|0x00000000c3d00000, 0x00000000c3d00000, 0x00000000c3e00000|  0%| F|  |TAMS 0x00000000c3d00000, 0x00000000c3d00000| Untracked 
|  40|0x00000000c3e00000, 0x00000000c3e00000, 0x00000000c3f00000|  0%| F|  |TAMS 0x00000000c3e00000, 0x00000000c3e00000| Untracked 
|  41|0x00000000c3f00000, 0x00000000c3f00000, 0x00000000c4000000|  0%| F|  |TAMS 0x00000000c3f00000, 0x00000000c3f00000| Untracked 
|  42|0x00000000c4000000, 0x00000000c4000000, 0x00000000c4100000|  0%| F|  |TAMS 0x00000000c4000000, 0x00000000c4000000| Untracked 
|  43|0x00000000c4100000, 0x00000000c4100000, 0x00000000c4200000|  0%| F|  |TAMS 0x00000000c4100000, 0x00000000c4100000| Untracked 
|  44|0x00000000c4200000, 0x00000000c4200000, 0x00000000c4300000|  0%| F|  |TAMS 0x00000000c4200000, 0x00000000c4200000| Untracked 
|  45|0x00000000c4300000, 0x00000000c4300000, 0x00000000c4400000|  0%| F|  |TAMS 0x00000000c4300000, 0x00000000c4300000| Untracked 
|  46|0x00000000c4400000, 0x00000000c4400000, 0x00000000c4500000|  0%| F|  |TAMS 0x00000000c4400000, 0x00000000c4400000| Untracked 
|  47|0x00000000c4500000, 0x00000000c4500000, 0x00000000c4600000|  0%| F|  |TAMS 0x00000000c4500000, 0x00000000c4500000| Untracked 
|  48|0x00000000c4600000, 0x00000000c4600000, 0x00000000c4700000|  0%| F|  |TAMS 0x00000000c4600000, 0x00000000c4600000| Untracked 
|  49|0x00000000c4700000, 0x00000000c4700000, 0x00000000c4800000|  0%| F|  |TAMS 0x00000000c4700000, 0x00000000c4700000| Untracked 
|  50|0x00000000c4800000, 0x00000000c4800000, 0x00000000c4900000|  0%| F|  |TAMS 0x00000000c4800000, 0x00000000c4800000| Untracked 
|  51|0x00000000c4900000, 0x00000000c4900000, 0x00000000c4a00000|  0%| F|  |TAMS 0x00000000c4900000, 0x00000000c4900000| Untracked 
|  52|0x00000000c4a00000, 0x00000000c4a00000, 0x00000000c4b00000|  0%| F|  |TAMS 0x00000000c4a00000, 0x00000000c4a00000| Untracked 
|  53|0x00000000c4b00000, 0x00000000c4b00000, 0x00000000c4c00000|  0%| F|  |TAMS 0x00000000c4b00000, 0x00000000c4b00000| Untracked 
|  54|0x00000000c4c00000, 0x00000000c4c00000, 0x00000000c4d00000|  0%| F|  |TAMS 0x00000000c4c00000, 0x00000000c4c00000| Untracked 
|  55|0x00000000c4d00000, 0x00000000c4db4f20, 0x00000000c4e00000| 70%| S|CS|TAMS 0x00000000c4d00000, 0x00000000c4d00000| Complete 
|  56|0x00000000c4e00000, 0x00000000c4e00000, 0x00000000c4f00000|  0%| F|  |TAMS 0x00000000c4e00000, 0x00000000c4e00000| Untracked 
|  57|0x00000000c4f00000, 0x00000000c4f00000, 0x00000000c5000000|  0%| F|  |TAMS 0x00000000c4f00000, 0x00000000c4f00000| Untracked 
|  58|0x00000000c5000000, 0x00000000c5000000, 0x00000000c5100000|  0%| F|  |TAMS 0x00000000c5000000, 0x00000000c5000000| Untracked 
|  59|0x00000000c5100000, 0x00000000c5100000, 0x00000000c5200000|  0%| F|  |TAMS 0x00000000c5100000, 0x00000000c5100000| Untracked 
|  60|0x00000000c5200000, 0x00000000c5200000, 0x00000000c5300000|  0%| F|  |TAMS 0x00000000c5200000, 0x00000000c5200000| Untracked 
|  61|0x00000000c5300000, 0x00000000c5300000, 0x00000000c5400000|  0%| F|  |TAMS 0x00000000c5300000, 0x00000000c5300000| Untracked 
|  62|0x00000000c5400000, 0x00000000c5400000, 0x00000000c5500000|  0%| F|  |TAMS 0x00000000c5400000, 0x00000000c5400000| Untracked 
|  63|0x00000000c5500000, 0x00000000c55304a0, 0x00000000c5600000| 18%| E|  |TAMS 0x00000000c5500000, 0x00000000c5500000| Complete 

Card table byte_map: [0x0000029efa6d0000,0x0000029efa8d0000] _byte_map_base: 0x0000029efa0c5000

Marking Bits (Prev, Next): (CMBitMap*) 0x0000029efa43f6f0, (CMBitMap*) 0x0000029efa43f730
 Prev Bits: [0x0000029efaad0000, 0x0000029efba78000)
 Next Bits: [0x0000029efba80000, 0x0000029efca28000)

Polling page: 0x0000029ef8280000

Metaspace:

Usage:
  Non-class:      9.16 MB used.
      Class:      1.07 MB used.
       Both:     10.23 MB used.

Virtual space:
  Non-class space:       64.00 MB reserved,       9.25 MB ( 14%) committed,  1 nodes.
      Class space:        1.00 GB reserved,       1.19 MB ( <1%) committed,  1 nodes.
             Both:        1.06 GB reserved,      10.44 MB ( <1%) committed. 

Chunk freelists:
   Non-Class:  2.38 MB
       Class:  2.67 MB
        Both:  5.04 MB

MaxMetaspaceSize: unlimited
CompressedClassSpaceSize: 1.00 GB
Initial GC threshold: 21.00 MB
Current GC threshold: 21.00 MB
CDS: on
MetaspaceReclaimPolicy: balanced
 - commit_granule_bytes: 65536.
 - commit_granule_words: 8192.
 - virtual_space_node_default_size: 8388608.
 - enlarge_chunks_in_place: 1.
 - new_chunks_are_fully_committed: 0.
 - uncommit_free_chunks: 1.
 - use_allocation_guard: 0.


Internal statistics:

num_allocs_failed_limit: 0.
num_arena_births: 68.
num_arena_deaths: 0.
num_vsnodes_births: 2.
num_vsnodes_deaths: 0.
num_space_committed: 167.
num_space_uncommitted: 0.
num_chunks_returned_to_freelist: 0.
num_chunks_taken_from_freelist: 238.
num_chunk_merges: 0.
num_chunk_splits: 151.
num_chunks_enlarged: 107.
num_inconsistent_stats: 0.

CodeHeap 'non-profiled nmethods': size=120000Kb used=570Kb max_used=570Kb free=119429Kb
 bounds [0x0000029e8f340000, 0x0000029e8f5b0000, 0x0000029e96870000]
CodeHeap 'profiled nmethods': size=120000Kb used=2903Kb max_used=2903Kb free=117096Kb
 bounds [0x0000029e87e10000, 0x0000029e880f0000, 0x0000029e8f340000]
CodeHeap 'non-nmethods': size=5760Kb used=1232Kb max_used=1261Kb free=4527Kb
 bounds [0x0000029e87870000, 0x0000029e87ae0000, 0x0000029e87e10000]
 total_blobs=2057 nmethods=1531 adapters=440
 compilation: enabled
              stopped_count=0, restarted_count=0
 full_count=0

Compilation events (20 events):
Event: 8934.647 Thread 0x0000029efee6b460 nmethod 1533 0x0000029e8f3c1010 code [0x0000029e8f3c11c0, 0x0000029e8f3c18a8]
Event: 8954.619 Thread 0x0000029efee6b460 1534   !   4       jdk.internal.loader.BuiltinClassLoader::findResource (154 bytes)
Event: 8955.036 Thread 0x0000029efee6b460 nmethod 1534 0x0000029e8f3c1e90 code [0x0000029e8f3c2280, 0x0000029e8f3c5ce8]
Event: 9725.439 Thread 0x0000029efeea2240 1535   !   3       jdk.internal.ref.PhantomCleanable::isListEmpty (34 bytes)
Event: 9725.445 Thread 0x0000029efeea2240 nmethod 1535 0x0000029e880e5590 code [0x0000029e880e5720, 0x0000029e880e5978]
Event: 9725.445 Thread 0x0000029efeea2240 1536       3       jdk.internal.misc.InnocuousThread::eraseThreadLocals (23 bytes)
Event: 9725.446 Thread 0x0000029efeea2240 nmethod 1536 0x0000029e880e5a90 code [0x0000029e880e5c20, 0x0000029e880e5e18]
Event: 11093.048 Thread 0x0000029efee6b460 1537       4       java.lang.ref.ReferenceQueue::reallyPoll (65 bytes)
Event: 11093.060 Thread 0x0000029efee6b460 nmethod 1537 0x0000029e8f3c8710 code [0x0000029e8f3c88a0, 0x0000029e8f3c8b98]
Event: 13442.063 Thread 0x0000029efee6b460 1538       4       java.lang.ClassLoader::getResource (41 bytes)
Event: 13442.082 Thread 0x0000029efee6b460 nmethod 1538 0x0000029e8f3c8c10 code [0x0000029e8f3c8de0, 0x0000029e8f3c9010]
Event: 17860.205 Thread 0x0000029efee6b460 1539       4       java.lang.String::regionMatches (150 bytes)
Event: 17860.292 Thread 0x0000029efee6b460 nmethod 1539 0x0000029e8f3c9290 code [0x0000029e8f3c9440, 0x0000029e8f3c9b38]
Event: 23621.353 Thread 0x0000029efee6b460 1540       4       sun.net.util.IPAddressUtil::checkHostString (53 bytes)
Event: 23621.419 Thread 0x0000029efee6b460 nmethod 1540 0x0000029e8f3ca090 code [0x0000029e8f3ca240, 0x0000029e8f3ca408]
Event: 23686.483 Thread 0x0000029efee6b460 1541   !   4       java.net.URL::<init> (543 bytes)
Event: 23686.908 Thread 0x0000029efee6b460 nmethod 1541 0x0000029e8f3ca610 code [0x0000029e8f3ca8c0, 0x0000029e8f3cc8c0]
Event: 24248.137 Thread 0x0000029efee6b460 1542   !   4       java.lang.ref.ReferenceQueue::remove (125 bytes)
Event: 24248.243 Thread 0x0000029efee6b460 nmethod 1542 0x0000029e8f3cdb90 code [0x0000029e8f3cdd40, 0x0000029e8f3ce848]
Event: 24337.809 Thread 0x0000029efee6b460 1543       4       java.net.URLStreamHandler::setURL (73 bytes)

GC Heap History (4 events):
Event: 4.063 GC heap before
{Heap before GC invocations=0 (full 0):
 garbage-first heap   total 65536K, used 13312K [0x00000000c1600000, 0x0000000100000000)
  region size 1024K, 13 young (13312K), 0 survivors (0K)
 Metaspace       used 6272K, committed 6464K, reserved 1114112K
  class space    used 624K, committed 704K, reserved 1048576K
}
Event: 4.127 GC heap after
{Heap after GC invocations=1 (full 0):
 garbage-first heap   total 65536K, used 3807K [0x00000000c1600000, 0x0000000100000000)
  region size 1024K, 2 young (2048K), 2 survivors (2048K)
 Metaspace       used 6272K, committed 6464K, reserved 1114112K
  class space    used 624K, committed 704K, reserved 1048576K
}
Event: 19027.165 GC heap before
{Heap before GC invocations=1 (full 0):
 garbage-first heap   total 65536K, used 11999K [0x00000000c1600000, 0x0000000100000000)
  region size 1024K, 10 young (10240K), 2 survivors (2048K)
 Metaspace       used 10479K, committed 10688K, reserved 1114112K
  class space    used 1096K, committed 1216K, reserved 1048576K
}
Event: 19027.368 GC heap after
{Heap after GC invocations=2 (full 0):
 garbage-first heap   total 65536K, used 4609K [0x00000000c1600000, 0x0000000100000000)
  region size 1024K, 1 young (1024K), 1 survivors (1024K)
 Metaspace       used 10479K, committed 10688K, reserved 1114112K
  class space    used 1096K, committed 1216K, reserved 1048576K
}

Deoptimization events (20 events):
Event: 10.124 Thread 0x0000029efa3fd650 Uncommon trap: trap_request=0xffffffc6 fr.pc=0x0000029e8f39baa8 relative=0x0000000000000ac8
Event: 10.124 Thread 0x0000029efa3fd650 Uncommon trap: reason=bimorphic_or_optimized_type_check action=maybe_recompile pc=0x0000029e8f39baa8 method=java.util.regex.Pattern$Branch.match(Ljava/util/regex/Matcher;ILjava/lang/CharSequence;)Z @ 50 c2
Event: 10.124 Thread 0x0000029efa3fd650 DEOPT PACKING pc=0x0000029e8f39baa8 sp=0x000000eaa62ff150
Event: 10.124 Thread 0x0000029efa3fd650 DEOPT UNPACKING pc=0x0000029e878c239d sp=0x000000eaa62ff150 mode 2
Event: 10.124 Thread 0x0000029efa3fd650 Uncommon trap: trap_request=0xffffffc6 fr.pc=0x0000029e8f39baa8 relative=0x0000000000000ac8
Event: 10.124 Thread 0x0000029efa3fd650 Uncommon trap: reason=bimorphic_or_optimized_type_check action=maybe_recompile pc=0x0000029e8f39baa8 method=java.util.regex.Pattern$Branch.match(Ljava/util/regex/Matcher;ILjava/lang/CharSequence;)Z @ 50 c2
Event: 10.124 Thread 0x0000029efa3fd650 DEOPT PACKING pc=0x0000029e8f39baa8 sp=0x000000eaa62fefa0
Event: 10.124 Thread 0x0000029efa3fd650 DEOPT UNPACKING pc=0x0000029e878c239d sp=0x000000eaa62fefa0 mode 2
Event: 10.127 Thread 0x0000029efa3fd650 Uncommon trap: trap_request=0xffffff45 fr.pc=0x0000029e8f37bbc8 relative=0x00000000000000a8
Event: 10.127 Thread 0x0000029efa3fd650 Uncommon trap: reason=unstable_if action=reinterpret pc=0x0000029e8f37bbc8 method=java.lang.CharacterDataLatin1.digit(II)I @ 12 c2
Event: 10.127 Thread 0x0000029efa3fd650 DEOPT PACKING pc=0x0000029e8f37bbc8 sp=0x000000eaa62feca0
Event: 10.127 Thread 0x0000029efa3fd650 DEOPT UNPACKING pc=0x0000029e878c239d sp=0x000000eaa62fec18 mode 2
Event: 10.184 Thread 0x0000029efa3fd650 Uncommon trap: trap_request=0xffffffc6 fr.pc=0x0000029e8f3955ec relative=0x00000000000002ac
Event: 10.184 Thread 0x0000029efa3fd650 Uncommon trap: reason=bimorphic_or_optimized_type_check action=maybe_recompile pc=0x0000029e8f3955ec method=java.util.HashMap.getNode(Ljava/lang/Object;)Ljava/util/HashMap$Node; @ 128 c2
Event: 10.184 Thread 0x0000029efa3fd650 DEOPT PACKING pc=0x0000029e8f3955ec sp=0x000000eaa62fe320
Event: 10.184 Thread 0x0000029efa3fd650 DEOPT UNPACKING pc=0x0000029e878c239d sp=0x000000eaa62fe288 mode 2
Event: 11.494 Thread 0x0000029efa3fd650 Uncommon trap: trap_request=0xffffffc6 fr.pc=0x0000029e8f3955ec relative=0x00000000000002ac
Event: 11.494 Thread 0x0000029efa3fd650 Uncommon trap: reason=bimorphic_or_optimized_type_check action=maybe_recompile pc=0x0000029e8f3955ec method=java.util.HashMap.getNode(Ljava/lang/Object;)Ljava/util/HashMap$Node; @ 128 c2
Event: 11.494 Thread 0x0000029efa3fd650 DEOPT PACKING pc=0x0000029e8f3955ec sp=0x000000eaa62fe370
Event: 11.494 Thread 0x0000029efa3fd650 DEOPT UNPACKING pc=0x0000029e878c239d sp=0x000000eaa62fe2d8 mode 2

Classes loaded (20 events):
Event: 5.354 Loading class java/util/concurrent/atomic/AtomicReferenceFieldUpdater
Event: 5.355 Loading class java/util/concurrent/atomic/AtomicReferenceFieldUpdater done
Event: 5.355 Loading class java/util/concurrent/atomic/AtomicReferenceFieldUpdater$AtomicReferenceFieldUpdaterImpl
Event: 5.355 Loading class java/util/concurrent/atomic/AtomicReferenceFieldUpdater$AtomicReferenceFieldUpdaterImpl done
Event: 5.355 Loading class java/util/concurrent/atomic/AtomicReferenceFieldUpdater$AtomicReferenceFieldUpdaterImpl$1
Event: 5.356 Loading class java/util/concurrent/atomic/AtomicReferenceFieldUpdater$AtomicReferenceFieldUpdaterImpl$1 done
Event: 5.356 Loading class sun/reflect/misc/ReflectUtil
Event: 5.357 Loading class sun/reflect/misc/ReflectUtil done
Event: 5.363 Loading class sun/security/ssl/Alert
Event: 5.364 Loading class sun/security/ssl/Alert done
Event: 5.365 Loading class sun/security/ssl/Alert$AlertConsumer
Event: 5.365 Loading class sun/security/ssl/Alert$AlertConsumer done
Event: 5.365 Loading class sun/security/ssl/Alert$Level
Event: 5.365 Loading class sun/security/ssl/Alert$Level done
Event: 7.109 Loading class java/lang/Throwable$WrappedPrintStream
Event: 7.109 Loading class java/lang/Throwable$PrintStreamOrWriter
Event: 7.109 Loading class java/lang/Throwable$PrintStreamOrWriter done
Event: 7.109 Loading class java/lang/Throwable$WrappedPrintStream done
Event: 7.110 Loading class java/lang/StackTraceElement$HashedModules
Event: 7.110 Loading class java/lang/StackTraceElement$HashedModules done

Classes unloaded (0 events):
No events

Classes redefined (0 events):
No events

Internal exceptions (15 events):
Event: 0.484 Thread 0x0000029efa3fd650 Exception <a 'java/lang/NoSuchMethodError'{0x00000000c54b5f68}: 'void java.lang.invoke.DirectMethodHandle$Holder.invokeStatic(java.lang.Object, java.lang.Object)'> (0x00000000c54b5f68) 
thrown [s\open\src\hotspot\share\interpreter\linkResolver.cpp, line 766]
Event: 2.619 Thread 0x0000029efa3fd650 Exception <a 'java/lang/NoSuchMethodError'{0x00000000c5225498}: 'java.lang.Object java.lang.invoke.DirectMethodHandle$Holder.invokeStaticInit(java.lang.Object)'> (0x00000000c5225498) 
thrown [s\open\src\hotspot\share\interpreter\linkResolver.cpp, line 766]
Event: 2.640 Thread 0x0000029efa3fd650 Exception <a 'java/lang/NoSuchMethodError'{0x00000000c5250f58}: 'java.lang.Object java.lang.invoke.DirectMethodHandle$Holder.invokeInterface(java.lang.Object, java.lang.Object)'> (0x00000000c5250f58) 
thrown [s\open\src\hotspot\share\interpreter\linkResolver.cpp, line 766]
Event: 2.720 Thread 0x0000029efa3fd650 Exception <a 'java/lang/NoSuchMethodError'{0x00000000c52d3360}: 'void java.lang.invoke.DirectMethodHandle$Holder.invokeSpecial(java.lang.Object, java.lang.Object, java.lang.Object)'> (0x00000000c52d3360) 
thrown [s\open\src\hotspot\share\interpreter\linkResolver.cpp, line 766]
Event: 2.725 Thread 0x0000029efa3fd650 Exception <a 'java/lang/NoSuchMethodError'{0x00000000c52d9d80}: 'void java.lang.invoke.DirectMethodHandle$Holder.invokeStatic(java.lang.Object, java.lang.Object, java.lang.Object)'> (0x00000000c52d9d80) 
thrown [s\open\src\hotspot\share\interpreter\linkResolver.cpp, line 766]
Event: 2.731 Thread 0x0000029efa3fd650 Exception <a 'java/lang/NoSuchMethodError'{0x00000000c52e4020}: 'java.lang.Object java.lang.invoke.DirectMethodHandle$Holder.invokeVirtual(java.lang.Object, java.lang.Object, java.lang.Object)'> (0x00000000c52e4020) 
thrown [s\open\src\hotspot\share\interpreter\linkResolver.cpp, line 766]
Event: 3.387 Thread 0x0000029efa3fd650 Exception <a 'java/lang/NoSuchMethodError'{0x00000000c4ca7728}: 'void java.lang.invoke.DirectMethodHandle$Holder.invokeStaticInit(java.lang.Object, java.lang.Object)'> (0x00000000c4ca7728) 
thrown [s\open\src\hotspot\share\interpreter\linkResolver.cpp, line 766]
Event: 3.646 Thread 0x0000029efa3fd650 Exception <a 'sun/nio/fs/WindowsException'{0x00000000c4a9b6d0}> (0x00000000c4a9b6d0) 
thrown [s\open\src\hotspot\share\prims\jni.cpp, line 516]
Event: 3.839 Thread 0x0000029efa3fd650 Exception <a 'java/lang/NoSuchMethodError'{0x00000000c49e1158}: 'java.lang.Object java.lang.invoke.DirectMethodHandle$Holder.invokeStaticInit(java.lang.Object, int, int, int, int)'> (0x00000000c49e1158) 
thrown [s\open\src\hotspot\share\interpreter\linkResolver.cpp, line 766]
Event: 4.148 Thread 0x0000029efa3fd650 Exception <a 'java/lang/NoSuchMethodError'{0x00000000c551f948}: 'java.lang.Object java.lang.invoke.DirectMethodHandle$Holder.invokeStaticInit(java.lang.Object, java.lang.Object, int, int, int, int)'> (0x00000000c551f948) 
thrown [s\open\src\hotspot\share\interpreter\linkResolver.cpp, line 766]
Event: 5.334 Thread 0x0000029efa3fd650 Exception <a 'java/lang/NoSuchMethodError'{0x00000000c52b6e80}: 'void java.lang.invoke.Invokers$Holder.invokeExact_MT(java.lang.Object, java.lang.Object, java.lang.Object, java.lang.Object)'> (0x00000000c52b6e80) 
thrown [s\open\src\hotspot\share\interpreter\linkResolver.cpp, line 766]
Event: 5.369 Thread 0x0000029efa3fd650 Exception <a 'java/io/IOException'{0x00000000c52d5b70}> (0x00000000c52d5b70) 
thrown [s\open\src\hotspot\share\prims\jni.cpp, line 516]
Event: 7.106 Thread 0x0000029efa3fd650 Exception <a 'java/io/IOException'{0x00000000c51ff690}> (0x00000000c51ff690) 
thrown [s\open\src\hotspot\share\prims\jni.cpp, line 516]
Event: 10.234 Thread 0x0000029efa3fd650 Exception <a 'java/io/IOException'{0x00000000c4f474b0}> (0x00000000c4f474b0) 
thrown [s\open\src\hotspot\share\prims\jni.cpp, line 516]
Event: 11.599 Thread 0x0000029efa3fd650 Exception <a 'java/io/IOException'{0x00000000c4e7f470}> (0x00000000c4e7f470) 
thrown [s\open\src\hotspot\share\prims\jni.cpp, line 516]

VM Operations (20 events):
Event: 4.062 Executing VM operation: G1CollectForAllocation
Event: 4.127 Executing VM operation: G1CollectForAllocation done
Event: 4.886 Executing VM operation: HandshakeAllThreads
Event: 4.886 Executing VM operation: HandshakeAllThreads done
Event: 5.894 Executing VM operation: Cleanup
Event: 5.894 Executing VM operation: Cleanup done
Event: 7.914 Executing VM operation: Cleanup
Event: 7.914 Executing VM operation: Cleanup done
Event: 10.938 Executing VM operation: Cleanup
Event: 10.938 Executing VM operation: Cleanup done
Event: 11.944 Executing VM operation: Cleanup
Event: 11.944 Executing VM operation: Cleanup done
Event: 624.732 Executing VM operation: Cleanup
Event: 624.742 Executing VM operation: Cleanup done
Event: 1060.701 Executing VM operation: Cleanup
Event: 1060.708 Executing VM operation: Cleanup done
Event: 1241.113 Executing VM operation: Cleanup
Event: 1241.113 Executing VM operation: Cleanup done
Event: 19027.148 Executing VM operation: G1CollectForAllocation
Event: 19027.368 Executing VM operation: G1CollectForAllocation done

Events (20 events):
Event: 0.151 Thread 0x0000029efee64190 Thread added: 0x0000029efee64190
Event: 0.151 Thread 0x0000029efee64650 Thread added: 0x0000029efee64650
Event: 0.152 Thread 0x0000029efee66b20 Thread added: 0x0000029efee66b20
Event: 0.153 Thread 0x0000029efee6b460 Thread added: 0x0000029efee6b460
Event: 0.156 Thread 0x0000029efeea2240 Thread added: 0x0000029efeea2240
Event: 0.158 Thread 0x0000029efeeefec0 Thread added: 0x0000029efeeefec0
Event: 0.282 Thread 0x0000029e9ac631b0 Thread added: 0x0000029e9ac631b0
Event: 0.298 Thread 0x0000029e9ac678f0 Thread added: 0x0000029e9ac678f0
Event: 0.405 Loaded shared library C:\Program Files\Java\jdk-18.0.1.1\bin\jimage.dll
Event: 2.490 Loaded shared library C:\Program Files\Java\jdk-18.0.1.1\bin\net.dll
Event: 2.496 Loaded shared library C:\Program Files\Java\jdk-18.0.1.1\bin\nio.dll
Event: 2.510 Loaded shared library C:\Program Files\Java\jdk-18.0.1.1\bin\zip.dll
Event: 2.557 Thread 0x0000029e9acebfa0 Thread added: 0x0000029e9acebfa0
Event: 2.693 Thread 0x0000029e9acf3b70 Thread added: 0x0000029e9acf3b70
Event: 3.467 Loaded shared library C:\Program Files\Java\jdk-18.0.1.1\bin\sunmscapi.dll
Event: 4.054 Thread 0x0000029e9acf3b70 Thread exited: 0x0000029e9acf3b70
Event: 4.717 Thread 0x0000029e9b17c530 Thread added: 0x0000029e9b17c530
Event: 4.949 Thread 0x0000029e9b17c530 Thread exited: 0x0000029e9b17c530
Event: 11.460 Thread 0x0000029efee998e0 Thread added: 0x0000029efee998e0
Event: 12.569 Thread 0x0000029efee998e0 Thread exited: 0x0000029efee998e0


Dynamic libraries:
0x00007ff6c4710000 - 0x00007ff6c4720000 	C:\Program Files\Java\jdk-18.0.1.1\bin\javaw.exe
0x00007ffadb110000 - 0x00007ffadb308000 	C:\WINDOWS\SYSTEM32\ntdll.dll
0x00007ffad9e40000 - 0x00007ffad9efd000 	C:\WINDOWS\System32\KERNEL32.DLL
0x00007ffad8df0000 - 0x00007ffad90be000 	C:\WINDOWS\System32\KERNELBASE.dll
0x00007ffad88e0000 - 0x00007ffad89e0000 	C:\WINDOWS\System32\ucrtbase.dll
0x00007ffab45a0000 - 0x00007ffab45ba000 	C:\Program Files\Java\jdk-18.0.1.1\bin\VCRUNTIME140.dll
0x00007ffab6ae0000 - 0x00007ffab6af8000 	C:\Program Files\Java\jdk-18.0.1.1\bin\jli.dll
0x00007ffada0b0000 - 0x00007ffada15e000 	C:\WINDOWS\System32\ADVAPI32.dll
0x00007ffadaae0000 - 0x00007ffadab7e000 	C:\WINDOWS\System32\msvcrt.dll
0x00007ffad91d0000 - 0x00007ffad926c000 	C:\WINDOWS\System32\sechost.dll
0x00007ffada720000 - 0x00007ffada845000 	C:\WINDOWS\System32\RPCRT4.dll
0x00007ffada850000 - 0x00007ffada9f0000 	C:\WINDOWS\System32\USER32.dll
0x00007ffad8d90000 - 0x00007ffad8db2000 	C:\WINDOWS\System32\win32u.dll
0x00007ffadaa20000 - 0x00007ffadaa4a000 	C:\WINDOWS\System32\GDI32.dll
0x00007ffad90c0000 - 0x00007ffad91cb000 	C:\WINDOWS\System32\gdi32full.dll
0x00007ffad8a70000 - 0x00007ffad8b0d000 	C:\WINDOWS\System32\msvcp_win.dll
0x00007ffac4070000 - 0x00007ffac430a000 	C:\WINDOWS\WinSxS\amd64_microsoft.windows.common-controls_6595b64144ccf1df_6.0.19041.1110_none_60b5254171f9507e\COMCTL32.dll
0x00007ffacc5d0000 - 0x00007ffacc5da000 	C:\WINDOWS\SYSTEM32\VERSION.dll
0x00007ffadad80000 - 0x00007ffadadb0000 	C:\WINDOWS\System32\IMM32.DLL
0x00007ffad2d00000 - 0x00007ffad2d0c000 	C:\Program Files\Java\jdk-18.0.1.1\bin\vcruntime140_1.dll
0x00007ffa689a0000 - 0x00007ffa68a2d000 	C:\Program Files\Java\jdk-18.0.1.1\bin\msvcp140.dll
0x00007ffa4c410000 - 0x00007ffa4d020000 	C:\Program Files\Java\jdk-18.0.1.1\bin\server\jvm.dll
0x00007ffadaef0000 - 0x00007ffadaef8000 	C:\WINDOWS\System32\PSAPI.DLL
0x00007ffad7010000 - 0x00007ffad7019000 	C:\WINDOWS\SYSTEM32\WSOCK32.dll
0x00007ffacb840000 - 0x00007ffacb867000 	C:\WINDOWS\SYSTEM32\WINMM.dll
0x00007ffadb060000 - 0x00007ffadb0cb000 	C:\WINDOWS\System32\ws2_32.DLL
0x00007ffad7170000 - 0x00007ffad7182000 	C:\WINDOWS\SYSTEM32\kernel.appcore.dll
0x00007ffabef20000 - 0x00007ffabef2a000 	C:\Program Files\Java\jdk-18.0.1.1\bin\jimage.dll
0x00007ffad6e00000 - 0x00007ffad6fe4000 	C:\WINDOWS\SYSTEM32\DBGHELP.DLL
0x00007ffac9310000 - 0x00007ffac933c000 	C:\WINDOWS\SYSTEM32\dbgcore.DLL
0x00007ffad89e0000 - 0x00007ffad8a62000 	C:\WINDOWS\System32\bcryptPrimitives.dll
0x00007ffa714c0000 - 0x00007ffa714e5000 	C:\Program Files\Java\jdk-18.0.1.1\bin\java.dll
0x00007ffa563c0000 - 0x00007ffa56496000 	C:\Program Files\Java\jdk-18.0.1.1\bin\jsvml.dll
0x00007ffad9270000 - 0x00007ffad99b4000 	C:\WINDOWS\System32\SHELL32.dll
0x00007ffad65a0000 - 0x00007ffad6d34000 	C:\WINDOWS\SYSTEM32\windows.storage.dll
0x00007ffad9ae0000 - 0x00007ffad9e34000 	C:\WINDOWS\System32\combase.dll
0x00007ffad8220000 - 0x00007ffad8250000 	C:\WINDOWS\SYSTEM32\Wldp.dll
0x00007ffadafb0000 - 0x00007ffadb05d000 	C:\WINDOWS\System32\SHCORE.dll
0x00007ffada6b0000 - 0x00007ffada705000 	C:\WINDOWS\System32\shlwapi.dll
0x00007ffad87d0000 - 0x00007ffad87ef000 	C:\WINDOWS\SYSTEM32\profapi.dll
0x00007ffaae140000 - 0x00007ffaae153000 	C:\Program Files\Java\jdk-18.0.1.1\bin\net.dll
0x00007ffac8e90000 - 0x00007ffac8f9a000 	C:\WINDOWS\SYSTEM32\WINHTTP.dll
0x00007ffad7f80000 - 0x00007ffad7fea000 	C:\WINDOWS\system32\mswsock.dll
0x00007ffaa3bb0000 - 0x00007ffaa3bc6000 	C:\Program Files\Java\jdk-18.0.1.1\bin\nio.dll
0x00007ffa714a0000 - 0x00007ffa714b8000 	C:\Program Files\Java\jdk-18.0.1.1\bin\zip.dll
0x00007ffad7cb0000 - 0x00007ffad7d7a000 	C:\WINDOWS\SYSTEM32\DNSAPI.dll
0x00007ffad7c70000 - 0x00007ffad7cab000 	C:\WINDOWS\SYSTEM32\IPHLPAPI.DLL
0x00007ffada710000 - 0x00007ffada718000 	C:\WINDOWS\System32\NSI.dll
0x00007ffac5860000 - 0x00007ffac586a000 	C:\Windows\System32\rasadhlp.dll
0x00007ffac9290000 - 0x00007ffac9310000 	C:\WINDOWS\System32\fwpuclnt.dll
0x00007ffad8dc0000 - 0x00007ffad8de7000 	C:\WINDOWS\System32\bcrypt.dll
0x00007ffabee90000 - 0x00007ffabee9e000 	C:\Program Files\Java\jdk-18.0.1.1\bin\sunmscapi.dll
0x00007ffad8b10000 - 0x00007ffad8c66000 	C:\WINDOWS\System32\CRYPT32.dll
0x00007ffad8290000 - 0x00007ffad82b7000 	C:\WINDOWS\SYSTEM32\ncrypt.dll
0x00007ffad8250000 - 0x00007ffad828b000 	C:\WINDOWS\SYSTEM32\NTASN1.dll
0x00007ffad8170000 - 0x00007ffad8188000 	C:\WINDOWS\SYSTEM32\CRYPTSP.dll
0x00007ffad7900000 - 0x00007ffad7934000 	C:\WINDOWS\system32\rsaenh.dll
0x00007ffad8750000 - 0x00007ffad877e000 	C:\WINDOWS\SYSTEM32\USERENV.dll
0x00007ffad8190000 - 0x00007ffad819c000 	C:\WINDOWS\SYSTEM32\CRYPTBASE.dll
0x00007ffaccdf0000 - 0x00007ffacce07000 	C:\WINDOWS\SYSTEM32\dhcpcsvc6.DLL
0x00007ffacd1d0000 - 0x00007ffacd1ed000 	C:\WINDOWS\SYSTEM32\dhcpcsvc.DLL

dbghelp: loaded successfully - version: 4.0.5 - missing functions: none
symbol engine: initialized successfully - sym options: 0x614 - pdb path: .;C:\Program Files\Java\jdk-18.0.1.1\bin;C:\WINDOWS\SYSTEM32;C:\WINDOWS\WinSxS\amd64_microsoft.windows.common-controls_6595b64144ccf1df_6.0.19041.1110_none_60b5254171f9507e;C:\Program Files\Java\jdk-18.0.1.1\bin\server

VM Arguments:
jvm_args: -Dfile.encoding=Cp1252 -XX:+ShowCodeDetailsInExceptionMessages 
java_command: projects.ProjectsApp
java_class_path (initial): C:\Users\nicho\eclipse-workspace\mysql-java\target\classes;C:\Users\nicho\.m2\repository\mysql\mysql-connector-java\8.0.30\mysql-connector-java-8.0.30.jar;C:\Users\nicho\.m2\repository\com\google\protobuf\protobuf-java\3.19.4\protobuf-java-3.19.4.jar
Launcher Type: SUN_STANDARD

[Global flags]
     intx CICompilerCount                          = 3                                         {product} {ergonomic}
     uint ConcGCThreads                            = 1                                         {product} {ergonomic}
     uint G1ConcRefinementThreads                  = 4                                         {product} {ergonomic}
   size_t G1HeapRegionSize                         = 1048576                                   {product} {ergonomic}
    uintx GCDrainStackTargetSize                   = 64                                        {product} {ergonomic}
   size_t InitialHeapSize                          = 67108864                                  {product} {ergonomic}
   size_t MarkStackSize                            = 4194304                                   {product} {ergonomic}
   size_t MaxHeapSize                              = 1050673152                                {product} {ergonomic}
   size_t MaxNewSize                               = 630194176                                 {product} {ergonomic}
   size_t MinHeapDeltaBytes                        = 1048576                                   {product} {ergonomic}
   size_t MinHeapSize                              = 8388608                                   {product} {ergonomic}
    uintx NonNMethodCodeHeapSize                   = 5832780                                {pd product} {ergonomic}
    uintx NonProfiledCodeHeapSize                  = 122912730                              {pd product} {ergonomic}
    uintx ProfiledCodeHeapSize                     = 122912730                              {pd product} {ergonomic}
    uintx ReservedCodeCacheSize                    = 251658240                              {pd product} {ergonomic}
     bool SegmentedCodeCache                       = true                                      {product} {ergonomic}
     bool ShowCodeDetailsInExceptionMessages       = true                                   {manageable} {command line}
   size_t SoftMaxHeapSize                          = 1050673152                             {manageable} {ergonomic}
     bool UseCompressedClassPointers               = true                           {product lp64_product} {ergonomic}
     bool UseCompressedOops                        = true                           {product lp64_product} {ergonomic}
     bool UseG1GC                                  = true                                      {product} {ergonomic}
     bool UseLargePagesIndividualAllocation        = false                                  {pd product} {ergonomic}

Logging:
Log output configuration:
 #0: stdout all=warning uptime,level,tags foldmultilines=false
 #1: stderr all=off uptime,level,tags foldmultilines=false

Environment Variables:
PATH=C:/Program Files/Java/jdk-11.0.15/bin/server;C:/Program Files/Java/jdk-11.0.15/bin;C:\Program Files\MySQL\MySQL Server 8.0\bin;C:\Program Files\dotnet\;C:\Users\nicho\AppData\Local\Microsoft\WindowsApps;;C:\Users\nicho\eclipse\java-2022-03\eclipse;
USERNAME=nicho
OS=Windows_NT
PROCESSOR_IDENTIFIER=Intel64 Family 6 Model 76 Stepping 3, GenuineIntel



---------------  S Y S T E M  ---------------

OS:
 Windows 10 , 64 bit Build 19041 (10.0.19041.1889)
OS uptime: 2 days 5:41 hours

CPU: total 4 (initial active 4) (4 cores per cpu, 1 threads per core) family 6 model 76 stepping 3 microcode 0x368, cx8, cmov, fxsr, mmx, 3dnowpref, sse, sse2, sse3, ssse3, sse4.1, sse4.2, popcnt, tsc, tscinvbit, aes, erms, clmul, clflush

Memory: 4k page, system-wide physical 4007M (292M free)
TotalPageFile size 16295M (AvailPageFile size 0M)
current process WorkingSet (physical memory assigned to process): 8M, peak: 74M
current process commit charge ("private bytes"): 150M, peak: 158M

vm_info: Java HotSpot(TM) 64-Bit Server VM (18.0.1.1+2-6) for windows-amd64 JRE (18.0.1.1+2-6), built on Apr 25 2022 21:53:15 by "mach5one" with MS VC++ 16.8 / 16.9 (VS2019)

END.
