#
# There is insufficient memory for the Java Runtime Environment to continue.
# Native memory allocation (malloc) failed to allocate 158256 bytes for Chunk::new
# Possible reasons:
#   The system is out of physical RAM or swap space
#   The process is running with CompressedOops enabled, and the Java Heap may be blocking the growth of the native heap
# Possible solutions:
#   Reduce memory load on the system
#   Increase physical memory or swap space
#   Check if swap backing store is full
#   Decrease Java heap size (-Xmx/-Xms)
#   Decrease number of Java threads
#   Decrease Java thread stack sizes (-Xss)
#   Set larger code cache with -XX:ReservedCodeCacheSize=
#   JVM is running with Unscaled Compressed Oops mode in which the Java heap is
#     placed in the first 4GB address space. The Java Heap base address is the
#     maximum limit for the native heap growth. Please use -XX:HeapBaseMinAddress
#     to set the Java Heap base and to place the Java Heap above 4GB virtual address.
# This output file may be truncated or incomplete.
#
#  Out of Memory Error (./open/src/hotspot/share/memory/arena.cpp:197), pid=7556, tid=8364
#
# JRE version: Java(TM) SE Runtime Environment 18.9 (11.0.15+8) (build 11.0.15+8-LTS-149)
# Java VM: Java HotSpot(TM) 64-Bit Server VM 18.9 (11.0.15+8-LTS-149, mixed mode, tiered, compressed oops, g1 gc, windows-amd64)
# No core dump will be written. Minidumps are not enabled by default on client versions of Windows
#

---------------  S U M M A R Y ------------

Command Line: -Dfile.encoding=Cp1252 projects.ProjectsApp

Host: Intel(R) Pentium(R) CPU  N3700  @ 1.60GHz, 4 cores, 3G,  Windows 10 , 64 bit Build 19041 (10.0.19041.1889)
Time: Sun Sep  4 11:33:21 2022 Pacific Daylight Time elapsed time: 11.642162 seconds (0d 0h 0m 11s)

---------------  T H R E A D  ---------------

Current thread (0x000001bc1f65e000):  JavaThread "C2 CompilerThread0" daemon [_thread_in_native, id=8364, stack(0x000000666b100000,0x000000666b200000)]


Current CompileTask:
C2:  11643 1583       4       java.lang.AbstractStringBuilder::append (55 bytes)

Stack: [0x000000666b100000,0x000000666b200000]
Native frames: (J=compiled Java code, j=interpreted, Vv=VM code, C=native code)
V  [jvm.dll+0x629d8a]
V  [jvm.dll+0x7638ff]
V  [jvm.dll+0x764fa9]
V  [jvm.dll+0x765633]
V  [jvm.dll+0x23d9c8]
V  [jvm.dll+0xb2a1c]
V  [jvm.dll+0xb2fdc]
V  [jvm.dll+0x341047]
V  [jvm.dll+0x30e9b3]
V  [jvm.dll+0x30dcfa]
V  [jvm.dll+0x1f8565]
V  [jvm.dll+0x1f774d]
V  [jvm.dll+0x177c51]
V  [jvm.dll+0x207026]
V  [jvm.dll+0x2051bb]
V  [jvm.dll+0x729820]
V  [jvm.dll+0x7223f4]
V  [jvm.dll+0x628c26]
C  [ucrtbase.dll+0x21bb2]
C  [KERNEL32.DLL+0x17034]
C  [ntdll.dll+0x52651]


---------------  P R O C E S S  ---------------

Threads class SMR info:
_java_thread_list=0x000001bc1f9a9630, length=11, elements={
0x000001bc01df2800, 0x000001bc1f5ec800, 0x000001bc1f5f6000, 0x000001bc1f658800,
0x000001bc1f65a800, 0x000001bc1f65c000, 0x000001bc1f65e000, 0x000001bc1f7c8800,
0x000001bc1f68d800, 0x000001bc1f8e6000, 0x000001bc1fbed800
}

Java Threads: ( => current thread )
  0x000001bc01df2800 JavaThread "main" [_thread_in_native, id=15340, stack(0x000000666a500000,0x000000666a600000)]
  0x000001bc1f5ec800 JavaThread "Reference Handler" daemon [_thread_blocked, id=10052, stack(0x000000666ac00000,0x000000666ad00000)]
  0x000001bc1f5f6000 JavaThread "Finalizer" daemon [_thread_blocked, id=1052, stack(0x000000666ad00000,0x000000666ae00000)]
  0x000001bc1f658800 JavaThread "Signal Dispatcher" daemon [_thread_blocked, id=16596, stack(0x000000666ae00000,0x000000666af00000)]
  0x000001bc1f65a800 JavaThread "Attach Listener" daemon [_thread_blocked, id=18360, stack(0x000000666af00000,0x000000666b000000)]
  0x000001bc1f65c000 JavaThread "Service Thread" daemon [_thread_blocked, id=18096, stack(0x000000666b000000,0x000000666b100000)]
=>0x000001bc1f65e000 JavaThread "C2 CompilerThread0" daemon [_thread_in_native, id=8364, stack(0x000000666b100000,0x000000666b200000)]
  0x000001bc1f7c8800 JavaThread "C1 CompilerThread0" daemon [_thread_blocked, id=5108, stack(0x000000666b200000,0x000000666b300000)]
  0x000001bc1f68d800 JavaThread "Sweeper thread" daemon [_thread_blocked, id=12004, stack(0x000000666b300000,0x000000666b400000)]
  0x000001bc1f8e6000 JavaThread "Common-Cleaner" daemon [_thread_blocked, id=17212, stack(0x000000666b500000,0x000000666b600000)]
  0x000001bc1fbed800 JavaThread "mysql-cj-abandoned-connection-cleanup" daemon [_thread_blocked, id=10984, stack(0x000000666b600000,0x000000666b700000)]

Other Threads:
  0x000001bc1f5c3800 VMThread "VM Thread" [stack: 0x000000666ab00000,0x000000666ac00000] [id=18116]
  0x000001bc1f8e4800 WatcherThread [stack: 0x000000666b400000,0x000000666b500000] [id=7936]
  0x000001bc01e0a000 GCTaskThread "GC Thread#0" [stack: 0x000000666a600000,0x000000666a700000] [id=1144]
  0x000001bc1fcc6800 GCTaskThread "GC Thread#1" [stack: 0x000000666b700000,0x000000666b800000] [id=10460]
  0x000001bc01e26800 ConcurrentGCThread "G1 Main Marker" [stack: 0x000000666a700000,0x000000666a800000] [id=16764]
  0x000001bc01e28000 ConcurrentGCThread "G1 Conc#0" [stack: 0x000000666a800000,0x000000666a900000] [id=15268]
  0x000001bc01e7f000 ConcurrentGCThread "G1 Refine#0" [stack: 0x000000666a900000,0x000000666aa00000] [id=15980]
  0x000001bc01e81000 ConcurrentGCThread "G1 Young RemSet Sampling" [stack: 0x000000666aa00000,0x000000666ab00000] [id=13236]

Threads with active compile tasks:
C2 CompilerThread0  11834 1583       4       java.lang.AbstractStringBuilder::append (55 bytes)

VM state:not at safepoint (normal execution)

VM Mutex/Monitor currently owned by a thread: None

Heap address: 0x00000000c1600000, size: 1002 MB, Compressed Oops mode: 32-bit
Narrow klass base: 0x0000000000000000, Narrow klass shift: 3
Compressed class space size: 1073741824 Address: 0x0000000100000000

Heap:
 garbage-first heap   total 65536K, used 15191K [0x00000000c1600000, 0x0000000100000000)
  region size 1024K, 12 young (12288K), 1 survivors (1024K)
 Metaspace       used 17767K, capacity 18078K, committed 18304K, reserved 1064960K
  class space    used 1784K, capacity 1888K, committed 1920K, reserved 1048576K
Heap Regions: E=young(eden), S=young(survivor), O=old, HS=humongous(starts), HC=humongous(continues), CS=collection set, F=free, A=archive, TAMS=top-at-mark-start (previous, next)
|   0|0x00000000c1600000, 0x00000000c1700000, 0x00000000c1700000|100%| O|  |TAMS 0x00000000c1600000, 0x00000000c1600000| Untracked 
|   1|0x00000000c1700000, 0x00000000c1800000, 0x00000000c1800000|100%| O|  |TAMS 0x00000000c1700000, 0x00000000c1700000| Untracked 
|   2|0x00000000c1800000, 0x00000000c1900000, 0x00000000c1900000|100%| O|  |TAMS 0x00000000c1800000, 0x00000000c1800000| Untracked 
|   3|0x00000000c1900000, 0x00000000c19d5c00, 0x00000000c1a00000| 83%| O|  |TAMS 0x00000000c1900000, 0x00000000c1900000| Untracked 
|   4|0x00000000c1a00000, 0x00000000c1a00000, 0x00000000c1b00000|  0%| F|  |TAMS 0x00000000c1a00000, 0x00000000c1a00000| Untracked 
|   5|0x00000000c1b00000, 0x00000000c1b00000, 0x00000000c1c00000|  0%| F|  |TAMS 0x00000000c1b00000, 0x00000000c1b00000| Untracked 
|   6|0x00000000c1c00000, 0x00000000c1c00000, 0x00000000c1d00000|  0%| F|  |TAMS 0x00000000c1c00000, 0x00000000c1c00000| Untracked 
|   7|0x00000000c1d00000, 0x00000000c1d00000, 0x00000000c1e00000|  0%| F|  |TAMS 0x00000000c1d00000, 0x00000000c1d00000| Untracked 
|   8|0x00000000c1e00000, 0x00000000c1e00000, 0x00000000c1f00000|  0%| F|  |TAMS 0x00000000c1e00000, 0x00000000c1e00000| Untracked 
|   9|0x00000000c1f00000, 0x00000000c1f00000, 0x00000000c2000000|  0%| F|  |TAMS 0x00000000c1f00000, 0x00000000c1f00000| Untracked 
|  10|0x00000000c2000000, 0x00000000c2000000, 0x00000000c2100000|  0%| F|  |TAMS 0x00000000c2000000, 0x00000000c2000000| Untracked 
|  11|0x00000000c2100000, 0x00000000c2100000, 0x00000000c2200000|  0%| F|  |TAMS 0x00000000c2100000, 0x00000000c2100000| Untracked 
|  12|0x00000000c2200000, 0x00000000c2200000, 0x00000000c2300000|  0%| F|  |TAMS 0x00000000c2200000, 0x00000000c2200000| Untracked 
|  13|0x00000000c2300000, 0x00000000c2300000, 0x00000000c2400000|  0%| F|  |TAMS 0x00000000c2300000, 0x00000000c2300000| Untracked 
|  14|0x00000000c2400000, 0x00000000c2400000, 0x00000000c2500000|  0%| F|  |TAMS 0x00000000c2400000, 0x00000000c2400000| Untracked 
|  15|0x00000000c2500000, 0x00000000c2500000, 0x00000000c2600000|  0%| F|  |TAMS 0x00000000c2500000, 0x00000000c2500000| Untracked 
|  16|0x00000000c2600000, 0x00000000c2600000, 0x00000000c2700000|  0%| F|  |TAMS 0x00000000c2600000, 0x00000000c2600000| Untracked 
|  17|0x00000000c2700000, 0x00000000c2700000, 0x00000000c2800000|  0%| F|  |TAMS 0x00000000c2700000, 0x00000000c2700000| Untracked 
|  18|0x00000000c2800000, 0x00000000c2800000, 0x00000000c2900000|  0%| F|  |TAMS 0x00000000c2800000, 0x00000000c2800000| Untracked 
|  19|0x00000000c2900000, 0x00000000c2900000, 0x00000000c2a00000|  0%| F|  |TAMS 0x00000000c2900000, 0x00000000c2900000| Untracked 
|  20|0x00000000c2a00000, 0x00000000c2a00000, 0x00000000c2b00000|  0%| F|  |TAMS 0x00000000c2a00000, 0x00000000c2a00000| Untracked 
|  21|0x00000000c2b00000, 0x00000000c2b00000, 0x00000000c2c00000|  0%| F|  |TAMS 0x00000000c2b00000, 0x00000000c2b00000| Untracked 
|  22|0x00000000c2c00000, 0x00000000c2c00000, 0x00000000c2d00000|  0%| F|  |TAMS 0x00000000c2c00000, 0x00000000c2c00000| Untracked 
|  23|0x00000000c2d00000, 0x00000000c2d00000, 0x00000000c2e00000|  0%| F|  |TAMS 0x00000000c2d00000, 0x00000000c2d00000| Untracked 
|  24|0x00000000c2e00000, 0x00000000c2e00000, 0x00000000c2f00000|  0%| F|  |TAMS 0x00000000c2e00000, 0x00000000c2e00000| Untracked 
|  25|0x00000000c2f00000, 0x00000000c2f00000, 0x00000000c3000000|  0%| F|  |TAMS 0x00000000c2f00000, 0x00000000c2f00000| Untracked 
|  26|0x00000000c3000000, 0x00000000c3000000, 0x00000000c3100000|  0%| F|  |TAMS 0x00000000c3000000, 0x00000000c3000000| Untracked 
|  27|0x00000000c3100000, 0x00000000c3100000, 0x00000000c3200000|  0%| F|  |TAMS 0x00000000c3100000, 0x00000000c3100000| Untracked 
|  28|0x00000000c3200000, 0x00000000c3200000, 0x00000000c3300000|  0%| F|  |TAMS 0x00000000c3200000, 0x00000000c3200000| Untracked 
|  29|0x00000000c3300000, 0x00000000c3300000, 0x00000000c3400000|  0%| F|  |TAMS 0x00000000c3300000, 0x00000000c3300000| Untracked 
|  30|0x00000000c3400000, 0x00000000c3400000, 0x00000000c3500000|  0%| F|  |TAMS 0x00000000c3400000, 0x00000000c3400000| Untracked 
|  31|0x00000000c3500000, 0x00000000c3500000, 0x00000000c3600000|  0%| F|  |TAMS 0x00000000c3500000, 0x00000000c3500000| Untracked 
|  32|0x00000000c3600000, 0x00000000c3600000, 0x00000000c3700000|  0%| F|  |TAMS 0x00000000c3600000, 0x00000000c3600000| Untracked 
|  33|0x00000000c3700000, 0x00000000c3700000, 0x00000000c3800000|  0%| F|  |TAMS 0x00000000c3700000, 0x00000000c3700000| Untracked 
|  34|0x00000000c3800000, 0x00000000c3800000, 0x00000000c3900000|  0%| F|  |TAMS 0x00000000c3800000, 0x00000000c3800000| Untracked 
|  35|0x00000000c3900000, 0x00000000c3900000, 0x00000000c3a00000|  0%| F|  |TAMS 0x00000000c3900000, 0x00000000c3900000| Untracked 
|  36|0x00000000c3a00000, 0x00000000c3a00000, 0x00000000c3b00000|  0%| F|  |TAMS 0x00000000c3a00000, 0x00000000c3a00000| Untracked 
|  37|0x00000000c3b00000, 0x00000000c3b00000, 0x00000000c3c00000|  0%| F|  |TAMS 0x00000000c3b00000, 0x00000000c3b00000| Untracked 
|  38|0x00000000c3c00000, 0x00000000c3c00000, 0x00000000c3d00000|  0%| F|  |TAMS 0x00000000c3c00000, 0x00000000c3c00000| Untracked 
|  39|0x00000000c3d00000, 0x00000000c3d00000, 0x00000000c3e00000|  0%| F|  |TAMS 0x00000000c3d00000, 0x00000000c3d00000| Untracked 
|  40|0x00000000c3e00000, 0x00000000c3e00000, 0x00000000c3f00000|  0%| F|  |TAMS 0x00000000c3e00000, 0x00000000c3e00000| Untracked 
|  41|0x00000000c3f00000, 0x00000000c3f00000, 0x00000000c4000000|  0%| F|  |TAMS 0x00000000c3f00000, 0x00000000c3f00000| Untracked 
|  42|0x00000000c4000000, 0x00000000c4000000, 0x00000000c4100000|  0%| F|  |TAMS 0x00000000c4000000, 0x00000000c4000000| Untracked 
|  43|0x00000000c4100000, 0x00000000c4100000, 0x00000000c4200000|  0%| F|  |TAMS 0x00000000c4100000, 0x00000000c4100000| Untracked 
|  44|0x00000000c4200000, 0x00000000c4200000, 0x00000000c4300000|  0%| F|  |TAMS 0x00000000c4200000, 0x00000000c4200000| Untracked 
|  45|0x00000000c4300000, 0x00000000c4300000, 0x00000000c4400000|  0%| F|  |TAMS 0x00000000c4300000, 0x00000000c4300000| Untracked 
|  46|0x00000000c4400000, 0x00000000c4400000, 0x00000000c4500000|  0%| F|  |TAMS 0x00000000c4400000, 0x00000000c4400000| Untracked 
|  47|0x00000000c4500000, 0x00000000c4500000, 0x00000000c4600000|  0%| F|  |TAMS 0x00000000c4500000, 0x00000000c4500000| Untracked 
|  48|0x00000000c4600000, 0x00000000c4600000, 0x00000000c4700000|  0%| F|  |TAMS 0x00000000c4600000, 0x00000000c4600000| Untracked 
|  49|0x00000000c4700000, 0x00000000c4700000, 0x00000000c4800000|  0%| F|  |TAMS 0x00000000c4700000, 0x00000000c4700000| Untracked 
|  50|0x00000000c4800000, 0x00000000c4800000, 0x00000000c4900000|  0%| F|  |TAMS 0x00000000c4800000, 0x00000000c4800000| Untracked 
|  51|0x00000000c4900000, 0x00000000c4900000, 0x00000000c4a00000|  0%| F|  |TAMS 0x00000000c4900000, 0x00000000c4900000| Untracked 
|  52|0x00000000c4a00000, 0x00000000c4ad7d90, 0x00000000c4b00000| 84%| E|  |TAMS 0x00000000c4a00000, 0x00000000c4a00000| Complete 
|  53|0x00000000c4b00000, 0x00000000c4c00000, 0x00000000c4c00000|100%| E|CS|TAMS 0x00000000c4b00000, 0x00000000c4b00000| Complete 
|  54|0x00000000c4c00000, 0x00000000c4d00000, 0x00000000c4d00000|100%| S|CS|TAMS 0x00000000c4c00000, 0x00000000c4c00000| Complete 
|  55|0x00000000c4d00000, 0x00000000c4e00000, 0x00000000c4e00000|100%| E|CS|TAMS 0x00000000c4d00000, 0x00000000c4d00000| Complete 
|  56|0x00000000c4e00000, 0x00000000c4f00000, 0x00000000c4f00000|100%| E|CS|TAMS 0x00000000c4e00000, 0x00000000c4e00000| Complete 
|  57|0x00000000c4f00000, 0x00000000c5000000, 0x00000000c5000000|100%| E|CS|TAMS 0x00000000c4f00000, 0x00000000c4f00000| Complete 
|  58|0x00000000c5000000, 0x00000000c5100000, 0x00000000c5100000|100%| E|CS|TAMS 0x00000000c5000000, 0x00000000c5000000| Complete 
|  59|0x00000000c5100000, 0x00000000c5200000, 0x00000000c5200000|100%| E|CS|TAMS 0x00000000c5100000, 0x00000000c5100000| Complete 
|  60|0x00000000c5200000, 0x00000000c5300000, 0x00000000c5300000|100%| E|CS|TAMS 0x00000000c5200000, 0x00000000c5200000| Complete 
|  61|0x00000000c5300000, 0x00000000c5400000, 0x00000000c5400000|100%| E|CS|TAMS 0x00000000c5300000, 0x00000000c5300000| Complete 
|  62|0x00000000c5400000, 0x00000000c5500000, 0x00000000c5500000|100%| E|CS|TAMS 0x00000000c5400000, 0x00000000c5400000| Complete 
|  63|0x00000000c5500000, 0x00000000c5600000, 0x00000000c5600000|100%| E|CS|TAMS 0x00000000c5500000, 0x00000000c5500000| Complete 

Card table byte_map: [0x000001bc1a4c0000,0x000001bc1a6c0000] _byte_map_base: 0x000001bc19eb5000

Marking Bits (Prev, Next): (CMBitMap*) 0x000001bc01e21ee8, (CMBitMap*) 0x000001bc01e21f20
 Prev Bits: [0x000001bc1a8c0000, 0x000001bc1b868000)
 Next Bits: [0x000001bc1b870000, 0x000001bc1c818000)

Polling page: 0x000001bc01ee0000

Metaspace:

Usage:
  Non-class:     15.81 MB capacity,    15.61 MB ( 99%) used,   178.27 KB (  1%) free+waste,    28.81 KB ( <1%) overhead. 
      Class:      1.84 MB capacity,     1.74 MB ( 95%) used,    89.20 KB (  5%) free+waste,    13.88 KB ( <1%) overhead. 
       Both:     17.65 MB capacity,    17.35 MB ( 98%) used,   267.46 KB (  1%) free+waste,    42.69 KB ( <1%) overhead. 

Virtual space:
  Non-class space:       16.00 MB reserved,      16.00 MB (100%) committed 
      Class space:        1.00 GB reserved,       1.88 MB ( <1%) committed 
             Both:        1.02 GB reserved,      17.88 MB (  2%) committed 

Chunk freelists:
   Non-Class:  256 bytes
       Class:  0 bytes
        Both:  256 bytes

CodeHeap 'non-profiled nmethods': size=120064Kb used=556Kb max_used=556Kb free=119507Kb
 bounds [0x000001bc12740000, 0x000001bc129b0000, 0x000001bc19c80000]
CodeHeap 'profiled nmethods': size=120000Kb used=2953Kb max_used=2953Kb free=117046Kb
 bounds [0x000001bc0b210000, 0x000001bc0b500000, 0x000001bc12740000]
CodeHeap 'non-nmethods': size=5696Kb used=1131Kb max_used=1147Kb free=4564Kb
 bounds [0x000001bc0ac80000, 0x000001bc0aef0000, 0x000001bc0b210000]
 total_blobs=2042 nmethods=1570 adapters=385
 compilation: enabled
              stopped_count=0, restarted_count=0
 full_count=0

Compilation events (10 events):
Event: 10.052 Thread 0x000001bc1f65e000 nmethod 1577 0x000001bc127c6110 code [0x000001bc127c62a0, 0x000001bc127c6628]
Event: 10.083 Thread 0x000001bc1f65e000 1579   !   4       java.io.PrintStream::write (83 bytes)
Event: 10.158 Thread 0x000001bc1f65e000 nmethod 1579 0x000001bc127c6810 code [0x000001bc127c6a20, 0x000001bc127c7cc8]
Event: 10.158 Thread 0x000001bc1f65e000 1580   !   4       java.io.PrintStream::newLine (73 bytes)
Event: 10.218 Thread 0x000001bc1f65e000 nmethod 1580 0x000001bc127c8810 code [0x000001bc127c8a20, 0x000001bc127c9a48]
Event: 11.454 Thread 0x000001bc1f65e000 1581       4       java.lang.Throwable$WrappedPrintStream::println (9 bytes)
Event: 11.465 Thread 0x000001bc1f65e000 nmethod 1581 0x000001bc127ca390 code [0x000001bc127ca540, 0x000001bc127ca8d8]
Event: 11.465 Thread 0x000001bc1f65e000 1582   !   4       java.io.PrintStream::println (24 bytes)
Event: 11.472 Thread 0x000001bc1f65e000 nmethod 1582 0x000001bc127caa90 code [0x000001bc127cac20, 0x000001bc127caf38]
Event: 11.607 Thread 0x000001bc1f65e000 1583       4       java.lang.AbstractStringBuilder::append (55 bytes)

GC Heap History (4 events):
Event: 5.877 GC heap before
{Heap before GC invocations=0 (full 0):
 garbage-first heap   total 65536K, used 14336K [0x00000000c1600000, 0x0000000100000000)
  region size 1024K, 14 young (14336K), 0 survivors (0K)
 Metaspace       used 13335K, capacity 13648K, committed 13824K, reserved 1060864K
  class space    used 1275K, capacity 1411K, committed 1536K, reserved 1048576K
}
Event: 5.902 GC heap after
{Heap after GC invocations=1 (full 0):
 garbage-first heap   total 65536K, used 3927K [0x00000000c1600000, 0x0000000100000000)
  region size 1024K, 2 young (2048K), 2 survivors (2048K)
 Metaspace       used 13335K, capacity 13648K, committed 13824K, reserved 1060864K
  class space    used 1275K, capacity 1411K, committed 1536K, reserved 1048576K
}
Event: 9.243 GC heap before
{Heap before GC invocations=1 (full 0):
 garbage-first heap   total 65536K, used 13143K [0x00000000c1600000, 0x0000000100000000)
  region size 1024K, 11 young (11264K), 2 survivors (2048K)
 Metaspace       used 17612K, capacity 17949K, committed 18048K, reserved 1064960K
  class space    used 1782K, capacity 1888K, committed 1920K, reserved 1048576K
}
Event: 9.258 GC heap after
{Heap after GC invocations=2 (full 0):
 garbage-first heap   total 65536K, used 4951K [0x00000000c1600000, 0x0000000100000000)
  region size 1024K, 1 young (1024K), 1 survivors (1024K)
 Metaspace       used 17612K, capacity 17949K, committed 18048K, reserved 1064960K
  class space    used 1782K, capacity 1888K, committed 1920K, reserved 1048576K
}

Deoptimization events (10 events):
Event: 9.212 Thread 0x000001bc01df2800 Uncommon trap: reason=unstable_if action=reinterpret pc=0x000001bc1279e1b4 method=java.util.regex.Pattern$Branch.match(Ljava/util/regex/Matcher;ILjava/lang/CharSequence;)Z @ 19 c2
Event: 9.212 Thread 0x000001bc01df2800 Uncommon trap: reason=class_check action=maybe_recompile pc=0x000001bc12781830 method=java.util.regex.Pattern$BmpCharProperty.match(Ljava/util/regex/Matcher;ILjava/lang/CharSequence;)Z @ 19 c2
Event: 9.212 Thread 0x000001bc01df2800 Uncommon trap: reason=class_check action=maybe_recompile pc=0x000001bc12781830 method=java.util.regex.Pattern$BmpCharProperty.match(Ljava/util/regex/Matcher;ILjava/lang/CharSequence;)Z @ 19 c2
Event: 9.213 Thread 0x000001bc01df2800 Uncommon trap: reason=class_check action=maybe_recompile pc=0x000001bc127a3b80 method=java.util.regex.Pattern$Start.match(Ljava/util/regex/Matcher;ILjava/lang/CharSequence;)Z @ 44 c2
Event: 9.213 Thread 0x000001bc01df2800 Uncommon trap: reason=bimorphic_or_optimized_type_check action=maybe_recompile pc=0x000001bc127819b0 method=java.util.regex.Pattern$BmpCharProperty.match(Ljava/util/regex/Matcher;ILjava/lang/CharSequence;)Z @ 36 c2
Event: 9.213 Thread 0x000001bc01df2800 Uncommon trap: reason=class_check action=maybe_recompile pc=0x000001bc127a3b80 method=java.util.regex.Pattern$Start.match(Ljava/util/regex/Matcher;ILjava/lang/CharSequence;)Z @ 44 c2
Event: 9.213 Thread 0x000001bc01df2800 Uncommon trap: reason=class_check action=maybe_recompile pc=0x000001bc127a3b80 method=java.util.regex.Pattern$Start.match(Ljava/util/regex/Matcher;ILjava/lang/CharSequence;)Z @ 44 c2
Event: 9.221 Thread 0x000001bc01df2800 Uncommon trap: reason=unstable_if action=reinterpret pc=0x000001bc12780ec8 method=java.lang.CharacterDataLatin1.digit(II)I @ 12 c2
Event: 9.297 Thread 0x000001bc01df2800 Uncommon trap: reason=unstable_if action=reinterpret pc=0x000001bc12799e28 method=sun.security.util.AbstractAlgorithmConstraints.checkAlgorithm(Ljava/util/List;Ljava/lang/String;Lsun/security/util/AlgorithmDecomposer;)Z @ 75 c2
Event: 9.333 Thread 0x000001bc01df2800 Uncommon trap: reason=bimorphic_or_optimized_type_check action=maybe_recompile pc=0x000001bc127945d4 method=java.util.HashMap.getNode(ILjava/lang/Object;)Ljava/util/HashMap$Node; @ 126 c2

Classes redefined (0 events):
No events

Internal exceptions (10 events):
Event: 11.624 Thread 0x000001bc01df2800 Implicit null exception at 0x000001bc0b4ed65f to 0x000001bc0b4ee546
Event: 11.625 Thread 0x000001bc01df2800 Exception <a 'java/lang/NullPointerException'{0x00000000c4a6a378}> (0x00000000c4a6a378) thrown at [./open/src/hotspot/share/runtime/sharedRuntime.cpp, line 605]
Event: 11.625 Thread 0x000001bc01df2800 Implicit null exception at 0x000001bc0b4ed65f to 0x000001bc0b4ee546
Event: 11.625 Thread 0x000001bc01df2800 Exception <a 'java/lang/NullPointerException'{0x00000000c4a6ba48}> (0x00000000c4a6ba48) thrown at [./open/src/hotspot/share/runtime/sharedRuntime.cpp, line 605]
Event: 11.625 Thread 0x000001bc01df2800 Implicit null exception at 0x000001bc0b4ed65f to 0x000001bc0b4ee546
Event: 11.625 Thread 0x000001bc01df2800 Exception <a 'java/lang/NullPointerException'{0x00000000c4a6d360}> (0x00000000c4a6d360) thrown at [./open/src/hotspot/share/runtime/sharedRuntime.cpp, line 605]
Event: 11.629 Thread 0x000001bc01df2800 Implicit null exception at 0x000001bc0b4ed65f to 0x000001bc0b4ee546
Event: 11.629 Thread 0x000001bc01df2800 Exception <a 'java/lang/NullPointerException'{0x00000000c4a6ea30}> (0x00000000c4a6ea30) thrown at [./open/src/hotspot/share/runtime/sharedRuntime.cpp, line 605]
Event: 11.634 Thread 0x000001bc01df2800 Implicit null exception at 0x000001bc0b4ed65f to 0x000001bc0b4ee546
Event: 11.635 Thread 0x000001bc01df2800 Exception <a 'java/lang/NullPointerException'{0x00000000c4a70100}> (0x00000000c4a70100) thrown at [./open/src/hotspot/share/runtime/sharedRuntime.cpp, line 605]

Events (10 events):
Event: 9.474 loading class projects/entity/Step
Event: 9.474 loading class projects/entity/Step done
Event: 9.488 loading class java/lang/Throwable$WrappedPrintStream
Event: 9.488 loading class java/lang/Throwable$PrintStreamOrWriter
Event: 9.488 loading class java/lang/Throwable$PrintStreamOrWriter done
Event: 9.488 loading class java/lang/Throwable$WrappedPrintStream done
Event: 9.517 Executing VM operation: BulkRevokeBias
Event: 9.517 Executing VM operation: BulkRevokeBias done
Event: 9.548 Executing VM operation: BulkRevokeBias
Event: 9.548 Executing VM operation: BulkRevokeBias done


Dynamic libraries:
0x00007ff746810000 - 0x00007ff74681f000 	C:\Program Files\Java\jdk-11.0.15\bin\javaw.exe
0x00007ffc0bd90000 - 0x00007ffc0bf88000 	C:\WINDOWS\SYSTEM32\ntdll.dll
0x00007ffc0b930000 - 0x00007ffc0b9ed000 	C:\WINDOWS\System32\KERNEL32.DLL
0x00007ffc097e0000 - 0x00007ffc09aae000 	C:\WINDOWS\System32\KERNELBASE.dll
0x00007ffc09ce0000 - 0x00007ffc09de0000 	C:\WINDOWS\System32\ucrtbase.dll
0x00007ffbd4060000 - 0x00007ffbd4078000 	C:\Program Files\Java\jdk-11.0.15\bin\jli.dll
0x00007ffc0b0e0000 - 0x00007ffc0b18e000 	C:\WINDOWS\System32\ADVAPI32.dll
0x00007ffc0b190000 - 0x00007ffc0b22e000 	C:\WINDOWS\System32\msvcrt.dll
0x00007ffc09e50000 - 0x00007ffc09eec000 	C:\WINDOWS\System32\sechost.dll
0x00007ffc0a7d0000 - 0x00007ffc0a8f5000 	C:\WINDOWS\System32\RPCRT4.dll
0x00007ffbf49a0000 - 0x00007ffbf4c3a000 	C:\WINDOWS\WinSxS\amd64_microsoft.windows.common-controls_6595b64144ccf1df_6.0.19041.1110_none_60b5254171f9507e\COMCTL32.dll
0x00007ffc0ba20000 - 0x00007ffc0bbc0000 	C:\WINDOWS\System32\USER32.dll
0x00007ffc0b9f0000 - 0x00007ffc0ba1a000 	C:\WINDOWS\System32\GDI32.dll
0x00007ffc095a0000 - 0x00007ffc095c2000 	C:\WINDOWS\System32\win32u.dll
0x00007ffc09620000 - 0x00007ffc0972b000 	C:\WINDOWS\System32\gdi32full.dll
0x00007ffc09c10000 - 0x00007ffc09cad000 	C:\WINDOWS\System32\msvcp_win.dll
0x00007ffbfd1f0000 - 0x00007ffbfd1fa000 	C:\WINDOWS\SYSTEM32\VERSION.dll
0x00007ffbd4040000 - 0x00007ffbd4055000 	C:\Program Files\Java\jdk-11.0.15\bin\VCRUNTIME140.dll
0x00007ffc0b3c0000 - 0x00007ffc0b3f0000 	C:\WINDOWS\System32\IMM32.DLL
0x00007ffb94d00000 - 0x00007ffb94d9b000 	C:\Program Files\Java\jdk-11.0.15\bin\msvcp140.dll
0x00007ffb8a070000 - 0x00007ffb8ab86000 	C:\Program Files\Java\jdk-11.0.15\bin\server\jvm.dll
0x00007ffc0bce0000 - 0x00007ffc0bce8000 	C:\WINDOWS\System32\PSAPI.DLL
0x00007ffbfc330000 - 0x00007ffbfc357000 	C:\WINDOWS\SYSTEM32\WINMM.dll
0x00007ffc07c90000 - 0x00007ffc07c99000 	C:\WINDOWS\SYSTEM32\WSOCK32.dll
0x00007ffc0bc70000 - 0x00007ffc0bcdb000 	C:\WINDOWS\System32\WS2_32.dll
0x00007ffc07dd0000 - 0x00007ffc07de2000 	C:\WINDOWS\SYSTEM32\kernel.appcore.dll
0x00007ffc04ba0000 - 0x00007ffc04bb0000 	C:\Program Files\Java\jdk-11.0.15\bin\verify.dll
0x00007ffc07a80000 - 0x00007ffc07c64000 	C:\WINDOWS\SYSTEM32\DBGHELP.DLL
0x00007ffbf9c70000 - 0x00007ffbf9c9c000 	C:\WINDOWS\SYSTEM32\dbgcore.DLL
0x00007ffc09510000 - 0x00007ffc09592000 	C:\WINDOWS\System32\bcryptPrimitives.dll
0x00007ffbd9700000 - 0x00007ffbd9728000 	C:\Program Files\Java\jdk-11.0.15\bin\java.dll
0x00007ffc02fb0000 - 0x00007ffc02fba000 	C:\Program Files\Java\jdk-11.0.15\bin\jimage.dll
0x00007ffbdfca0000 - 0x00007ffbdfcb6000 	C:\Program Files\Java\jdk-11.0.15\bin\zip.dll
0x00007ffc09ef0000 - 0x00007ffc0a634000 	C:\WINDOWS\System32\SHELL32.dll
0x00007ffc07220000 - 0x00007ffc079b4000 	C:\WINDOWS\SYSTEM32\windows.storage.dll
0x00007ffc0ad80000 - 0x00007ffc0b0d4000 	C:\WINDOWS\System32\combase.dll
0x00007ffc08f00000 - 0x00007ffc08f30000 	C:\WINDOWS\SYSTEM32\Wldp.dll
0x00007ffc0bbc0000 - 0x00007ffc0bc6d000 	C:\WINDOWS\System32\SHCORE.dll
0x00007ffc0b630000 - 0x00007ffc0b685000 	C:\WINDOWS\System32\shlwapi.dll
0x00007ffc09450000 - 0x00007ffc0946f000 	C:\WINDOWS\SYSTEM32\profapi.dll
0x00007ffbdfd10000 - 0x00007ffbdfd29000 	C:\Program Files\Java\jdk-11.0.15\bin\net.dll
0x00007ffbf9900000 - 0x00007ffbf9a0a000 	C:\WINDOWS\SYSTEM32\WINHTTP.dll
0x00007ffc08c00000 - 0x00007ffc08c6a000 	C:\WINDOWS\system32\mswsock.dll
0x00007ffbd96e0000 - 0x00007ffbd96f2000 	C:\Program Files\Java\jdk-11.0.15\bin\nio.dll
0x00007ffc08930000 - 0x00007ffc089fa000 	C:\WINDOWS\SYSTEM32\DNSAPI.dll
0x00007ffc088f0000 - 0x00007ffc0892b000 	C:\WINDOWS\SYSTEM32\IPHLPAPI.DLL
0x00007ffc0ad70000 - 0x00007ffc0ad78000 	C:\WINDOWS\System32\NSI.dll
0x00007ffbf5d70000 - 0x00007ffbf5d7a000 	C:\Windows\System32\rasadhlp.dll
0x00007ffbf9ca0000 - 0x00007ffbf9d20000 	C:\WINDOWS\System32\fwpuclnt.dll
0x00007ffc09cb0000 - 0x00007ffc09cd7000 	C:\WINDOWS\System32\bcrypt.dll
0x00007ffbec030000 - 0x00007ffbec03d000 	C:\Program Files\Java\jdk-11.0.15\bin\sunmscapi.dll
0x00007ffc09ab0000 - 0x00007ffc09c06000 	C:\WINDOWS\System32\CRYPT32.dll
0x00007ffc08f70000 - 0x00007ffc08f97000 	C:\WINDOWS\SYSTEM32\ncrypt.dll
0x00007ffc08f30000 - 0x00007ffc08f6b000 	C:\WINDOWS\SYSTEM32\NTASN1.dll
0x00007ffbd40a0000 - 0x00007ffbd40c5000 	C:\Program Files\Java\jdk-11.0.15\bin\sunec.dll
0x00007ffc08df0000 - 0x00007ffc08e08000 	C:\WINDOWS\SYSTEM32\CRYPTSP.dll
0x00007ffc08580000 - 0x00007ffc085b4000 	C:\WINDOWS\system32\rsaenh.dll
0x00007ffc093d0000 - 0x00007ffc093fe000 	C:\WINDOWS\SYSTEM32\USERENV.dll
0x00007ffc08e10000 - 0x00007ffc08e1c000 	C:\WINDOWS\SYSTEM32\CRYPTBASE.dll
0x00007ffbfdad0000 - 0x00007ffbfdae7000 	C:\WINDOWS\SYSTEM32\dhcpcsvc6.DLL
0x00007ffbfde80000 - 0x00007ffbfde9d000 	C:\WINDOWS\SYSTEM32\dhcpcsvc.DLL

dbghelp: loaded successfully - version: 4.0.5 - missing functions: none
symbol engine: initialized successfully - sym options: 0x614 - pdb path: .;C:\Program Files\Java\jdk-11.0.15\bin;C:\WINDOWS\SYSTEM32;C:\WINDOWS\WinSxS\amd64_microsoft.windows.common-controls_6595b64144ccf1df_6.0.19041.1110_none_60b5254171f9507e;C:\Program Files\Java\jdk-11.0.15\bin\server

VM Arguments:
jvm_args: -Dfile.encoding=Cp1252 
java_command: projects.ProjectsApp
java_class_path (initial): C:\Users\nicho\eclipse-workspace\mysql-java\target\classes;C:\Users\nicho\.m2\repository\mysql\mysql-connector-java\8.0.30\mysql-connector-java-8.0.30.jar;C:\Users\nicho\.m2\repository\com\google\protobuf\protobuf-java\3.19.4\protobuf-java-3.19.4.jar
Launcher Type: SUN_STANDARD

[Global flags]
     intx CICompilerCount                          = 3                                         {product} {ergonomic}
     uint ConcGCThreads                            = 1                                         {product} {ergonomic}
     uint G1ConcRefinementThreads                  = 4                                         {product} {ergonomic}
   size_t G1HeapRegionSize                         = 1048576                                   {product} {ergonomic}
    uintx GCDrainStackTargetSize                   = 64                                        {product} {ergonomic}
   size_t InitialHeapSize                          = 67108864                                  {product} {ergonomic}
   size_t MarkStackSize                            = 4194304                                   {product} {ergonomic}
   size_t MaxHeapSize                              = 1050673152                                {product} {ergonomic}
   size_t MaxNewSize                               = 630194176                                 {product} {ergonomic}
   size_t MinHeapDeltaBytes                        = 1048576                                   {product} {ergonomic}
    uintx NonNMethodCodeHeapSize                   = 5830732                                {pd product} {ergonomic}
    uintx NonProfiledCodeHeapSize                  = 122913754                              {pd product} {ergonomic}
    uintx ProfiledCodeHeapSize                     = 122913754                              {pd product} {ergonomic}
    uintx ReservedCodeCacheSize                    = 251658240                              {pd product} {ergonomic}
     bool SegmentedCodeCache                       = true                                      {product} {ergonomic}
     bool UseCompressedClassPointers               = true                                 {lp64_product} {ergonomic}
     bool UseCompressedOops                        = true                                 {lp64_product} {ergonomic}
     bool UseG1GC                                  = true                                      {product} {ergonomic}
     bool UseLargePagesIndividualAllocation        = false                                  {pd product} {ergonomic}

Logging:
Log output configuration:
 #0: stdout all=warning uptime,level,tags
 #1: stderr all=off uptime,level,tags

Environment Variables:
PATH=C:/Program Files/Java/jdk-11.0.15/bin/server;C:/Program Files/Java/jdk-11.0.15/bin;C:\Program Files\MySQL\MySQL Server 8.0\bin;C:\Program Files\dotnet\;C:\Users\nicho\AppData\Local\Microsoft\WindowsApps;;C:\Users\nicho\eclipse\java-2022-03\eclipse;
USERNAME=nicho
OS=Windows_NT
PROCESSOR_IDENTIFIER=Intel64 Family 6 Model 76 Stepping 3, GenuineIntel



---------------  S Y S T E M  ---------------

OS: Windows 10 , 64 bit Build 19041 (10.0.19041.1889)

CPU:total 4 (initial active 4) (4 cores per cpu, 1 threads per core) family 6 model 76 stepping 3 microcode 0x368, cmov, cx8, fxsr, mmx, sse, sse2, sse3, ssse3, sse4.1, sse4.2, popcnt, aes, clmul, erms, 3dnowpref, tsc, tscinvbit

Memory: 4k page, system-wide physical 4007M (280M free)
TotalPageFile size 16295M (AvailPageFile size 0M)
current process WorkingSet (physical memory assigned to process): 73M, peak: 77M
current process commit charge ("private bytes"): 149M, peak: 153M

vm_info: Java HotSpot(TM) 64-Bit Server VM (11.0.15+8-LTS-149) for windows-amd64 JRE (11.0.15+8-LTS-149), built on Mar  9 2022 22:42:32 by "mach5one" with MS VC++ 15.9 (VS2017)

END.
