#
# There is insufficient memory for the Java Runtime Environment to continue.
# Native memory allocation (malloc) failed to allocate 483216 bytes for Chunk::new
# Possible reasons:
#   The system is out of physical RAM or swap space
#   The process is running with CompressedOops enabled, and the Java Heap may be blocking the growth of the native heap
# Possible solutions:
#   Reduce memory load on the system
#   Increase physical memory or swap space
#   Check if swap backing store is full
#   Decrease Java heap size (-Xmx/-Xms)
#   Decrease number of Java threads
#   Decrease Java thread stack sizes (-Xss)
#   Set larger code cache with -XX:ReservedCodeCacheSize=
#   JVM is running with Unscaled Compressed Oops mode in which the Java heap is
#     placed in the first 4GB address space. The Java Heap base address is the
#     maximum limit for the native heap growth. Please use -XX:HeapBaseMinAddress
#     to set the Java Heap base and to place the Java Heap above 4GB virtual address.
# This output file may be truncated or incomplete.
#
#  Out of Memory Error (./open/src/hotspot/share/memory/arena.cpp:197), pid=6572, tid=5996
#
# JRE version: Java(TM) SE Runtime Environment 18.9 (11.0.15+8) (build 11.0.15+8-LTS-149)
# Java VM: Java HotSpot(TM) 64-Bit Server VM 18.9 (11.0.15+8-LTS-149, mixed mode, tiered, compressed oops, g1 gc, windows-amd64)
# No core dump will be written. Minidumps are not enabled by default on client versions of Windows
#

---------------  S U M M A R Y ------------

Command Line: -Dfile.encoding=Cp1252 projects.ProjectsApp

Host: Intel(R) Pentium(R) CPU  N3700  @ 1.60GHz, 4 cores, 3G,  Windows 10 , 64 bit Build 19041 (10.0.19041.1889)
Time: Sun Sep  4 11:46:29 2022 Pacific Daylight Time elapsed time: 4.036591 seconds (0d 0h 0m 4s)

---------------  T H R E A D  ---------------

Current thread (0x0000022f3698f000):  JavaThread "C2 CompilerThread0" daemon [_thread_in_native, id=5996, stack(0x0000006d4b800000,0x0000006d4b900000)]


Current CompileTask:
C2:   4036  952 %     4       sun.security.util.AbstractAlgorithmConstraints::checkAlgorithm @ 98 (140 bytes)

Stack: [0x0000006d4b800000,0x0000006d4b900000]
Native frames: (J=compiled Java code, j=interpreted, Vv=VM code, C=native code)
V  [jvm.dll+0x629d8a]
V  [jvm.dll+0x7638ff]
V  [jvm.dll+0x764fa9]
V  [jvm.dll+0x765633]
V  [jvm.dll+0x23d9c8]
V  [jvm.dll+0xb2a1c]
V  [jvm.dll+0xb2fdc]
V  [jvm.dll+0x341002]
V  [jvm.dll+0x30e9b3]
V  [jvm.dll+0x30dcfa]
V  [jvm.dll+0x1f8565]
V  [jvm.dll+0x1f774d]
V  [jvm.dll+0x177c51]
V  [jvm.dll+0x207026]
V  [jvm.dll+0x2051bb]
V  [jvm.dll+0x729820]
V  [jvm.dll+0x7223f4]
V  [jvm.dll+0x628c26]
C  [ucrtbase.dll+0x21bb2]
C  [KERNEL32.DLL+0x17034]
C  [ntdll.dll+0x52651]


---------------  P R O C E S S  ---------------

Threads class SMR info:
_java_thread_list=0x0000022f36e325e0, length=11, elements={
0x0000022f1a951800, 0x0000022f3694b000, 0x0000022f3694c000, 0x0000022f369d9800,
0x0000022f369db800, 0x0000022f36984000, 0x0000022f3698f000, 0x0000022f369e1000,
0x0000022f369e1800, 0x0000022f36c82000, 0x0000022f36f6a800
}

Java Threads: ( => current thread )
  0x0000022f1a951800 JavaThread "main" [_thread_in_native, id=9964, stack(0x0000006d4ac00000,0x0000006d4ad00000)]
  0x0000022f3694b000 JavaThread "Reference Handler" daemon [_thread_blocked, id=18080, stack(0x0000006d4b300000,0x0000006d4b400000)]
  0x0000022f3694c000 JavaThread "Finalizer" daemon [_thread_blocked, id=11208, stack(0x0000006d4b400000,0x0000006d4b500000)]
  0x0000022f369d9800 JavaThread "Signal Dispatcher" daemon [_thread_blocked, id=17716, stack(0x0000006d4b500000,0x0000006d4b600000)]
  0x0000022f369db800 JavaThread "Attach Listener" daemon [_thread_blocked, id=3244, stack(0x0000006d4b600000,0x0000006d4b700000)]
  0x0000022f36984000 JavaThread "Service Thread" daemon [_thread_blocked, id=9324, stack(0x0000006d4b700000,0x0000006d4b800000)]
=>0x0000022f3698f000 JavaThread "C2 CompilerThread0" daemon [_thread_in_native, id=5996, stack(0x0000006d4b800000,0x0000006d4b900000)]
  0x0000022f369e1000 JavaThread "C1 CompilerThread0" daemon [_thread_blocked, id=8244, stack(0x0000006d4b900000,0x0000006d4ba00000)]
  0x0000022f369e1800 JavaThread "Sweeper thread" daemon [_thread_blocked, id=2348, stack(0x0000006d4ba00000,0x0000006d4bb00000)]
  0x0000022f36c82000 JavaThread "Common-Cleaner" daemon [_thread_blocked, id=17888, stack(0x0000006d4bc00000,0x0000006d4bd00000)]
  0x0000022f36f6a800 JavaThread "mysql-cj-abandoned-connection-cleanup" daemon [_thread_blocked, id=18848, stack(0x0000006d4bd00000,0x0000006d4be00000)]

Other Threads:
  0x0000022f36946000 VMThread "VM Thread" [stack: 0x0000006d4b200000,0x0000006d4b300000] [id=13252]
  0x0000022f36c81000 WatcherThread [stack: 0x0000006d4bb00000,0x0000006d4bc00000] [id=336]
  0x0000022f1a969000 GCTaskThread "GC Thread#0" [stack: 0x0000006d4ad00000,0x0000006d4ae00000] [id=14168]
  0x0000022f37310000 GCTaskThread "GC Thread#1" [stack: 0x0000006d4be00000,0x0000006d4bf00000] [id=12412]
  0x0000022f1a985000 ConcurrentGCThread "G1 Main Marker" [stack: 0x0000006d4ae00000,0x0000006d4af00000] [id=19324]
  0x0000022f1a988000 ConcurrentGCThread "G1 Conc#0" [stack: 0x0000006d4af00000,0x0000006d4b000000] [id=560]
  0x0000022f1a9e1000 ConcurrentGCThread "G1 Refine#0" [stack: 0x0000006d4b000000,0x0000006d4b100000] [id=14176]
  0x0000022f1a9e4000 ConcurrentGCThread "G1 Young RemSet Sampling" [stack: 0x0000006d4b100000,0x0000006d4b200000] [id=18752]

Threads with active compile tasks:
C2 CompilerThread0   4165  952 %     4       sun.security.util.AbstractAlgorithmConstraints::checkAlgorithm @ 98 (140 bytes)

VM state:not at safepoint (normal execution)

VM Mutex/Monitor currently owned by a thread: None

Heap address: 0x00000000c1600000, size: 1002 MB, Compressed Oops mode: 32-bit
Narrow klass base: 0x0000000000000000, Narrow klass shift: 3
Compressed class space size: 1073741824 Address: 0x0000000100000000

Heap:
 garbage-first heap   total 65536K, used 4901K [0x00000000c1600000, 0x0000000100000000)
  region size 1024K, 4 young (4096K), 2 survivors (2048K)
 Metaspace       used 13370K, capacity 13680K, committed 13952K, reserved 1062912K
  class space    used 1277K, capacity 1379K, committed 1408K, reserved 1048576K
Heap Regions: E=young(eden), S=young(survivor), O=old, HS=humongous(starts), HC=humongous(continues), CS=collection set, F=free, A=archive, TAMS=top-at-mark-start (previous, next)
|   0|0x00000000c1600000, 0x00000000c1700000, 0x00000000c1700000|100%| O|  |TAMS 0x00000000c1600000, 0x00000000c1600000| Untracked 
|   1|0x00000000c1700000, 0x00000000c17c9400, 0x00000000c1800000| 78%| O|  |TAMS 0x00000000c1700000, 0x00000000c1700000| Untracked 
|   2|0x00000000c1800000, 0x00000000c1800000, 0x00000000c1900000|  0%| F|  |TAMS 0x00000000c1800000, 0x00000000c1800000| Untracked 
|   3|0x00000000c1900000, 0x00000000c1900000, 0x00000000c1a00000|  0%| F|  |TAMS 0x00000000c1900000, 0x00000000c1900000| Untracked 
|   4|0x00000000c1a00000, 0x00000000c1a00000, 0x00000000c1b00000|  0%| F|  |TAMS 0x00000000c1a00000, 0x00000000c1a00000| Untracked 
|   5|0x00000000c1b00000, 0x00000000c1b00000, 0x00000000c1c00000|  0%| F|  |TAMS 0x00000000c1b00000, 0x00000000c1b00000| Untracked 
|   6|0x00000000c1c00000, 0x00000000c1c00000, 0x00000000c1d00000|  0%| F|  |TAMS 0x00000000c1c00000, 0x00000000c1c00000| Untracked 
|   7|0x00000000c1d00000, 0x00000000c1d00000, 0x00000000c1e00000|  0%| F|  |TAMS 0x00000000c1d00000, 0x00000000c1d00000| Untracked 
|   8|0x00000000c1e00000, 0x00000000c1e00000, 0x00000000c1f00000|  0%| F|  |TAMS 0x00000000c1e00000, 0x00000000c1e00000| Untracked 
|   9|0x00000000c1f00000, 0x00000000c1f00000, 0x00000000c2000000|  0%| F|  |TAMS 0x00000000c1f00000, 0x00000000c1f00000| Untracked 
|  10|0x00000000c2000000, 0x00000000c2000000, 0x00000000c2100000|  0%| F|  |TAMS 0x00000000c2000000, 0x00000000c2000000| Untracked 
|  11|0x00000000c2100000, 0x00000000c2100000, 0x00000000c2200000|  0%| F|  |TAMS 0x00000000c2100000, 0x00000000c2100000| Untracked 
|  12|0x00000000c2200000, 0x00000000c2200000, 0x00000000c2300000|  0%| F|  |TAMS 0x00000000c2200000, 0x00000000c2200000| Untracked 
|  13|0x00000000c2300000, 0x00000000c2300000, 0x00000000c2400000|  0%| F|  |TAMS 0x00000000c2300000, 0x00000000c2300000| Untracked 
|  14|0x00000000c2400000, 0x00000000c2400000, 0x00000000c2500000|  0%| F|  |TAMS 0x00000000c2400000, 0x00000000c2400000| Untracked 
|  15|0x00000000c2500000, 0x00000000c2500000, 0x00000000c2600000|  0%| F|  |TAMS 0x00000000c2500000, 0x00000000c2500000| Untracked 
|  16|0x00000000c2600000, 0x00000000c2600000, 0x00000000c2700000|  0%| F|  |TAMS 0x00000000c2600000, 0x00000000c2600000| Untracked 
|  17|0x00000000c2700000, 0x00000000c2700000, 0x00000000c2800000|  0%| F|  |TAMS 0x00000000c2700000, 0x00000000c2700000| Untracked 
|  18|0x00000000c2800000, 0x00000000c2800000, 0x00000000c2900000|  0%| F|  |TAMS 0x00000000c2800000, 0x00000000c2800000| Untracked 
|  19|0x00000000c2900000, 0x00000000c2900000, 0x00000000c2a00000|  0%| F|  |TAMS 0x00000000c2900000, 0x00000000c2900000| Untracked 
|  20|0x00000000c2a00000, 0x00000000c2a00000, 0x00000000c2b00000|  0%| F|  |TAMS 0x00000000c2a00000, 0x00000000c2a00000| Untracked 
|  21|0x00000000c2b00000, 0x00000000c2b00000, 0x00000000c2c00000|  0%| F|  |TAMS 0x00000000c2b00000, 0x00000000c2b00000| Untracked 
|  22|0x00000000c2c00000, 0x00000000c2c00000, 0x00000000c2d00000|  0%| F|  |TAMS 0x00000000c2c00000, 0x00000000c2c00000| Untracked 
|  23|0x00000000c2d00000, 0x00000000c2d00000, 0x00000000c2e00000|  0%| F|  |TAMS 0x00000000c2d00000, 0x00000000c2d00000| Untracked 
|  24|0x00000000c2e00000, 0x00000000c2e00000, 0x00000000c2f00000|  0%| F|  |TAMS 0x00000000c2e00000, 0x00000000c2e00000| Untracked 
|  25|0x00000000c2f00000, 0x00000000c2f00000, 0x00000000c3000000|  0%| F|  |TAMS 0x00000000c2f00000, 0x00000000c2f00000| Untracked 
|  26|0x00000000c3000000, 0x00000000c3000000, 0x00000000c3100000|  0%| F|  |TAMS 0x00000000c3000000, 0x00000000c3000000| Untracked 
|  27|0x00000000c3100000, 0x00000000c3100000, 0x00000000c3200000|  0%| F|  |TAMS 0x00000000c3100000, 0x00000000c3100000| Untracked 
|  28|0x00000000c3200000, 0x00000000c3200000, 0x00000000c3300000|  0%| F|  |TAMS 0x00000000c3200000, 0x00000000c3200000| Untracked 
|  29|0x00000000c3300000, 0x00000000c3300000, 0x00000000c3400000|  0%| F|  |TAMS 0x00000000c3300000, 0x00000000c3300000| Untracked 
|  30|0x00000000c3400000, 0x00000000c3400000, 0x00000000c3500000|  0%| F|  |TAMS 0x00000000c3400000, 0x00000000c3400000| Untracked 
|  31|0x00000000c3500000, 0x00000000c3500000, 0x00000000c3600000|  0%| F|  |TAMS 0x00000000c3500000, 0x00000000c3500000| Untracked 
|  32|0x00000000c3600000, 0x00000000c3600000, 0x00000000c3700000|  0%| F|  |TAMS 0x00000000c3600000, 0x00000000c3600000| Untracked 
|  33|0x00000000c3700000, 0x00000000c3700000, 0x00000000c3800000|  0%| F|  |TAMS 0x00000000c3700000, 0x00000000c3700000| Untracked 
|  34|0x00000000c3800000, 0x00000000c3800000, 0x00000000c3900000|  0%| F|  |TAMS 0x00000000c3800000, 0x00000000c3800000| Untracked 
|  35|0x00000000c3900000, 0x00000000c3900000, 0x00000000c3a00000|  0%| F|  |TAMS 0x00000000c3900000, 0x00000000c3900000| Untracked 
|  36|0x00000000c3a00000, 0x00000000c3a00000, 0x00000000c3b00000|  0%| F|  |TAMS 0x00000000c3a00000, 0x00000000c3a00000| Untracked 
|  37|0x00000000c3b00000, 0x00000000c3b00000, 0x00000000c3c00000|  0%| F|  |TAMS 0x00000000c3b00000, 0x00000000c3b00000| Untracked 
|  38|0x00000000c3c00000, 0x00000000c3c00000, 0x00000000c3d00000|  0%| F|  |TAMS 0x00000000c3c00000, 0x00000000c3c00000| Untracked 
|  39|0x00000000c3d00000, 0x00000000c3d00000, 0x00000000c3e00000|  0%| F|  |TAMS 0x00000000c3d00000, 0x00000000c3d00000| Untracked 
|  40|0x00000000c3e00000, 0x00000000c3e00000, 0x00000000c3f00000|  0%| F|  |TAMS 0x00000000c3e00000, 0x00000000c3e00000| Untracked 
|  41|0x00000000c3f00000, 0x00000000c3f00000, 0x00000000c4000000|  0%| F|  |TAMS 0x00000000c3f00000, 0x00000000c3f00000| Untracked 
|  42|0x00000000c4000000, 0x00000000c4000000, 0x00000000c4100000|  0%| F|  |TAMS 0x00000000c4000000, 0x00000000c4000000| Untracked 
|  43|0x00000000c4100000, 0x00000000c4100000, 0x00000000c4200000|  0%| F|  |TAMS 0x00000000c4100000, 0x00000000c4100000| Untracked 
|  44|0x00000000c4200000, 0x00000000c4200000, 0x00000000c4300000|  0%| F|  |TAMS 0x00000000c4200000, 0x00000000c4200000| Untracked 
|  45|0x00000000c4300000, 0x00000000c4300000, 0x00000000c4400000|  0%| F|  |TAMS 0x00000000c4300000, 0x00000000c4300000| Untracked 
|  46|0x00000000c4400000, 0x00000000c4400000, 0x00000000c4500000|  0%| F|  |TAMS 0x00000000c4400000, 0x00000000c4400000| Untracked 
|  47|0x00000000c4500000, 0x00000000c4500000, 0x00000000c4600000|  0%| F|  |TAMS 0x00000000c4500000, 0x00000000c4500000| Untracked 
|  48|0x00000000c4600000, 0x00000000c4700000, 0x00000000c4700000|100%| S|CS|TAMS 0x00000000c4600000, 0x00000000c4600000| Complete 
|  49|0x00000000c4700000, 0x00000000c4800000, 0x00000000c4800000|100%| S|CS|TAMS 0x00000000c4700000, 0x00000000c4700000| Complete 
|  50|0x00000000c4800000, 0x00000000c4800000, 0x00000000c4900000|  0%| F|  |TAMS 0x00000000c4800000, 0x00000000c4800000| Untracked 
|  51|0x00000000c4900000, 0x00000000c4900000, 0x00000000c4a00000|  0%| F|  |TAMS 0x00000000c4900000, 0x00000000c4900000| Untracked 
|  52|0x00000000c4a00000, 0x00000000c4a00000, 0x00000000c4b00000|  0%| F|  |TAMS 0x00000000c4a00000, 0x00000000c4a00000| Untracked 
|  53|0x00000000c4b00000, 0x00000000c4b00000, 0x00000000c4c00000|  0%| F|  |TAMS 0x00000000c4b00000, 0x00000000c4b00000| Untracked 
|  54|0x00000000c4c00000, 0x00000000c4c00000, 0x00000000c4d00000|  0%| F|  |TAMS 0x00000000c4c00000, 0x00000000c4c00000| Untracked 
|  55|0x00000000c4d00000, 0x00000000c4d00000, 0x00000000c4e00000|  0%| F|  |TAMS 0x00000000c4d00000, 0x00000000c4d00000| Untracked 
|  56|0x00000000c4e00000, 0x00000000c4e00000, 0x00000000c4f00000|  0%| F|  |TAMS 0x00000000c4e00000, 0x00000000c4e00000| Untracked 
|  57|0x00000000c4f00000, 0x00000000c4f00000, 0x00000000c5000000|  0%| F|  |TAMS 0x00000000c4f00000, 0x00000000c4f00000| Untracked 
|  58|0x00000000c5000000, 0x00000000c5000000, 0x00000000c5100000|  0%| F|  |TAMS 0x00000000c5000000, 0x00000000c5000000| Untracked 
|  59|0x00000000c5100000, 0x00000000c5100000, 0x00000000c5200000|  0%| F|  |TAMS 0x00000000c5100000, 0x00000000c5100000| Untracked 
|  60|0x00000000c5200000, 0x00000000c5200000, 0x00000000c5300000|  0%| F|  |TAMS 0x00000000c5200000, 0x00000000c5200000| Untracked 
|  61|0x00000000c5300000, 0x00000000c5300000, 0x00000000c5400000|  0%| F|  |TAMS 0x00000000c5300000, 0x00000000c5300000| Untracked 
|  62|0x00000000c5400000, 0x00000000c5480800, 0x00000000c5500000| 50%| E|  |TAMS 0x00000000c5400000, 0x00000000c5400000| Complete 
|  63|0x00000000c5500000, 0x00000000c5600000, 0x00000000c5600000|100%| E|CS|TAMS 0x00000000c5500000, 0x00000000c5500000| Complete 

Card table byte_map: [0x0000022f31840000,0x0000022f31a40000] _byte_map_base: 0x0000022f31235000

Marking Bits (Prev, Next): (CMBitMap*) 0x0000022f1a97fff8, (CMBitMap*) 0x0000022f1a980030
 Prev Bits: [0x0000022f31c40000, 0x0000022f32be8000)
 Next Bits: [0x0000022f32bf0000, 0x0000022f33b98000)

Polling page: 0x0000022f19300000

Metaspace:

Usage:
  Non-class:     12.01 MB capacity,    11.81 MB ( 98%) used,   185.36 KB (  2%) free+waste,    22.38 KB ( <1%) overhead. 
      Class:      1.35 MB capacity,     1.25 MB ( 93%) used,    90.15 KB (  7%) free+waste,    11.13 KB ( <1%) overhead. 
       Both:     13.36 MB capacity,    13.06 MB ( 98%) used,   275.51 KB (  2%) free+waste,    33.50 KB ( <1%) overhead. 

Virtual space:
  Non-class space:       14.00 MB reserved,      12.25 MB ( 88%) committed 
      Class space:        1.00 GB reserved,       1.38 MB ( <1%) committed 
             Both:        1.01 GB reserved,      13.63 MB (  1%) committed 

Chunk freelists:
   Non-Class:  6.38 KB
       Class:  3.63 KB
        Both:  10.00 KB

CodeHeap 'non-profiled nmethods': size=120064Kb used=276Kb max_used=276Kb free=119787Kb
 bounds [0x0000022f29ad0000, 0x0000022f29d40000, 0x0000022f31010000]
CodeHeap 'profiled nmethods': size=120000Kb used=1764Kb max_used=1764Kb free=118235Kb
 bounds [0x0000022f225a0000, 0x0000022f22810000, 0x0000022f29ad0000]
CodeHeap 'non-nmethods': size=5696Kb used=1113Kb max_used=1128Kb free=4582Kb
 bounds [0x0000022f22010000, 0x0000022f22280000, 0x0000022f225a0000]
 total_blobs=1396 nmethods=948 adapters=361
 compilation: enabled
              stopped_count=0, restarted_count=0
 full_count=0

Compilation events (10 events):
Event: 3.884 Thread 0x0000022f3698f000 nmethod 927 0x0000022f29b12c10 code [0x0000022f29b12e20, 0x0000022f29b13ce0]
Event: 3.884 Thread 0x0000022f3698f000  934       4       java.util.HashMap$HashIterator::<init> (79 bytes)
Event: 3.888 Thread 0x0000022f369e1000  957       1       java.nio.charset.Charset::name (5 bytes)
Event: 3.888 Thread 0x0000022f369e1000 nmethod 957 0x0000022f29b14710 code [0x0000022f29b148a0, 0x0000022f29b14958]
Event: 3.888 Thread 0x0000022f369e1000  958       3       java.lang.Integer::reverseBytes (26 bytes)
Event: 3.888 Thread 0x0000022f369e1000 nmethod 958 0x0000022f22758790 code [0x0000022f22758920, 0x0000022f22758a38]
Event: 3.889 Thread 0x0000022f369e1000  959       3       java.util.Properties::getProperty (50 bytes)
Event: 3.890 Thread 0x0000022f369e1000 nmethod 959 0x0000022f22758b10 code [0x0000022f22758ce0, 0x0000022f227591b8]
Event: 3.898 Thread 0x0000022f3698f000 nmethod 934 0x0000022f29b14a10 code [0x0000022f29b14ba0, 0x0000022f29b14f18]
Event: 3.898 Thread 0x0000022f3698f000  952 %     4       sun.security.util.AbstractAlgorithmConstraints::checkAlgorithm @ 98 (140 bytes)

GC Heap History (2 events):
Event: 3.813 GC heap before
{Heap before GC invocations=0 (full 0):
 garbage-first heap   total 65536K, used 14336K [0x00000000c1600000, 0x0000000100000000)
  region size 1024K, 14 young (14336K), 0 survivors (0K)
 Metaspace       used 13261K, capacity 13552K, committed 13696K, reserved 1060864K
  class space    used 1264K, capacity 1379K, committed 1408K, reserved 1048576K
}
Event: 3.834 GC heap after
{Heap after GC invocations=1 (full 0):
 garbage-first heap   total 65536K, used 3877K [0x00000000c1600000, 0x0000000100000000)
  region size 1024K, 2 young (2048K), 2 survivors (2048K)
 Metaspace       used 13261K, capacity 13552K, committed 13696K, reserved 1060864K
  class space    used 1264K, capacity 1379K, committed 1408K, reserved 1048576K
}

Deoptimization events (4 events):
Event: 0.391 Thread 0x0000022f1a951800 Uncommon trap: reason=unstable_if action=reinterpret pc=0x0000022f29ad44a4 method=java.lang.String.hashCode()I @ 14 c2
Event: 2.953 Thread 0x0000022f1a951800 Uncommon trap: reason=unstable_if action=reinterpret pc=0x0000022f29aeeacc method=java.lang.String.<init>([CIILjava/lang/Void;)V @ 5 c2
Event: 2.962 Thread 0x0000022f1a951800 Uncommon trap: reason=unstable_if action=reinterpret pc=0x0000022f29af9a3c method=java.lang.String.startsWith(Ljava/lang/String;I)Z @ 14 c2
Event: 3.457 Thread 0x0000022f1a951800 Uncommon trap: reason=unstable_if action=reinterpret pc=0x0000022f29af0fd4 method=java.util.Properties$LineReader.readLine()I @ 117 c2

Classes redefined (0 events):
No events

Internal exceptions (8 events):
Event: 0.514 Thread 0x0000022f1a951800 Exception <a 'java/lang/NoSuchMethodError'{0x00000000c5443058}: java.lang.invoke.DirectMethodHandle$Holder.invokeSpecialIFC(Ljava/lang/Object;Ljava/lang/Object;I)I> (0x00000000c5443058) thrown at [./open/src/hotspot/share/interpreter/linkResolver.cpp, lin
Event: 2.632 Thread 0x0000022f1a951800 Exception <a 'java/lang/NoSuchMethodError'{0x00000000c5145a60}: java.lang.invoke.DirectMethodHandle$Holder.invokeVirtual(Ljava/lang/Object;Ljava/lang/Object;Ljava/lang/Object;)Ljava/lang/Object;> (0x00000000c5145a60) thrown at [./open/src/hotspot/share/in
Event: 3.460 Thread 0x0000022f1a951800 Exception <a 'java/lang/NoSuchMethodError'{0x00000000c4a47738}: java.lang.invoke.DirectMethodHandle$Holder.invokeStaticInit(Ljava/lang/Object;Ljava/lang/Object;)V> (0x00000000c4a47738) thrown at [./open/src/hotspot/share/interpreter/linkResolver.cpp, line
Event: 3.622 Thread 0x0000022f1a951800 Exception <a 'java/lang/NoSuchMethodError'{0x00000000c4957800}: java.lang.invoke.DirectMethodHandle$Holder.invokeStaticInit(Ljava/lang/Object;IIII)Ljava/lang/Object;> (0x00000000c4957800) thrown at [./open/src/hotspot/share/interpreter/linkResolver.cpp, l
Event: 3.629 Thread 0x0000022f1a951800 Exception <a 'sun/nio/fs/WindowsException'{0x00000000c495dd70}> (0x00000000c495dd70) thrown at [./open/src/hotspot/share/prims/jni.cpp, line 611]
Event: 3.676 Thread 0x0000022f1a951800 Exception <a 'java/lang/NoSuchMethodError'{0x00000000c49829c0}: java.lang.invoke.DirectMethodHandle$Holder.invokeStaticInit(Ljava/lang/Object;Ljava/lang/Object;Ljava/lang/Object;Ljava/lang/Object;)I> (0x00000000c49829c0) thrown at [./open/src/hotspot/shar
Event: 3.681 Thread 0x0000022f1a951800 Exception <a 'java/lang/IncompatibleClassChangeError'{0x00000000c498baf0}: Found class java.lang.Object, but interface was expected> (0x00000000c498baf0) thrown at [./open/src/hotspot/share/interpreter/linkResolver.cpp, line 838]
Event: 3.686 Thread 0x0000022f1a951800 Exception <a 'java/lang/NoSuchMethodError'{0x00000000c4991448}: java.lang.invoke.DirectMethodHandle$Holder.invokeStaticInit(Ljava/lang/Object;Ljava/lang/Object;)I> (0x00000000c4991448) thrown at [./open/src/hotspot/share/interpreter/linkResolver.cpp, line

Events (10 events):
Event: 3.885 loading class sun/security/provider/SeedGenerator$1
Event: 3.885 loading class sun/security/provider/SeedGenerator$1 done
Event: 3.886 loading class sun/security/provider/ByteArrayAccess
Event: 3.886 loading class sun/security/provider/ByteArrayAccess done
Event: 3.889 loading class java/net/NetworkInterface$1
Event: 3.890 loading class java/net/NetworkInterface$1 done
Event: 3.891 loading class java/net/InterfaceAddress
Event: 3.891 loading class java/net/InterfaceAddress done
Event: 3.891 loading class java/net/DefaultInterface
Event: 3.891 loading class java/net/DefaultInterface done


Dynamic libraries:
0x00007ff746810000 - 0x00007ff74681f000 	C:\Program Files\Java\jdk-11.0.15\bin\javaw.exe
0x00007ffc0bd90000 - 0x00007ffc0bf88000 	C:\WINDOWS\SYSTEM32\ntdll.dll
0x00007ffc0b930000 - 0x00007ffc0b9ed000 	C:\WINDOWS\System32\KERNEL32.DLL
0x00007ffc097e0000 - 0x00007ffc09aae000 	C:\WINDOWS\System32\KERNELBASE.dll
0x00007ffc09ce0000 - 0x00007ffc09de0000 	C:\WINDOWS\System32\ucrtbase.dll
0x00007ffbd4060000 - 0x00007ffbd4078000 	C:\Program Files\Java\jdk-11.0.15\bin\jli.dll
0x00007ffc0b0e0000 - 0x00007ffc0b18e000 	C:\WINDOWS\System32\ADVAPI32.dll
0x00007ffbd4040000 - 0x00007ffbd4055000 	C:\Program Files\Java\jdk-11.0.15\bin\VCRUNTIME140.dll
0x00007ffc0b190000 - 0x00007ffc0b22e000 	C:\WINDOWS\System32\msvcrt.dll
0x00007ffc09e50000 - 0x00007ffc09eec000 	C:\WINDOWS\System32\sechost.dll
0x00007ffc0a7d0000 - 0x00007ffc0a8f5000 	C:\WINDOWS\System32\RPCRT4.dll
0x00007ffc0ba20000 - 0x00007ffc0bbc0000 	C:\WINDOWS\System32\USER32.dll
0x00007ffbf49a0000 - 0x00007ffbf4c3a000 	C:\WINDOWS\WinSxS\amd64_microsoft.windows.common-controls_6595b64144ccf1df_6.0.19041.1110_none_60b5254171f9507e\COMCTL32.dll
0x00007ffc095a0000 - 0x00007ffc095c2000 	C:\WINDOWS\System32\win32u.dll
0x00007ffc0b9f0000 - 0x00007ffc0ba1a000 	C:\WINDOWS\System32\GDI32.dll
0x00007ffc09620000 - 0x00007ffc0972b000 	C:\WINDOWS\System32\gdi32full.dll
0x00007ffc09c10000 - 0x00007ffc09cad000 	C:\WINDOWS\System32\msvcp_win.dll
0x00007ffbfd1f0000 - 0x00007ffbfd1fa000 	C:\WINDOWS\SYSTEM32\VERSION.dll
0x00007ffc0b3c0000 - 0x00007ffc0b3f0000 	C:\WINDOWS\System32\IMM32.DLL
0x00007ffb94d00000 - 0x00007ffb94d9b000 	C:\Program Files\Java\jdk-11.0.15\bin\msvcp140.dll
0x00007ffb8a070000 - 0x00007ffb8ab86000 	C:\Program Files\Java\jdk-11.0.15\bin\server\jvm.dll
0x00007ffc0bce0000 - 0x00007ffc0bce8000 	C:\WINDOWS\System32\PSAPI.DLL
0x00007ffc07c90000 - 0x00007ffc07c99000 	C:\WINDOWS\SYSTEM32\WSOCK32.dll
0x00007ffc0bc70000 - 0x00007ffc0bcdb000 	C:\WINDOWS\System32\WS2_32.dll
0x00007ffbfc330000 - 0x00007ffbfc357000 	C:\WINDOWS\SYSTEM32\WINMM.dll
0x00007ffc07dd0000 - 0x00007ffc07de2000 	C:\WINDOWS\SYSTEM32\kernel.appcore.dll
0x00007ffc04ba0000 - 0x00007ffc04bb0000 	C:\Program Files\Java\jdk-11.0.15\bin\verify.dll
0x00007ffc07a80000 - 0x00007ffc07c64000 	C:\WINDOWS\SYSTEM32\DBGHELP.DLL
0x00007ffbf9c70000 - 0x00007ffbf9c9c000 	C:\WINDOWS\SYSTEM32\dbgcore.DLL
0x00007ffc09510000 - 0x00007ffc09592000 	C:\WINDOWS\System32\bcryptPrimitives.dll
0x00007ffbd9700000 - 0x00007ffbd9728000 	C:\Program Files\Java\jdk-11.0.15\bin\java.dll
0x00007ffc02fb0000 - 0x00007ffc02fba000 	C:\Program Files\Java\jdk-11.0.15\bin\jimage.dll
0x00007ffbdfca0000 - 0x00007ffbdfcb6000 	C:\Program Files\Java\jdk-11.0.15\bin\zip.dll
0x00007ffc09ef0000 - 0x00007ffc0a634000 	C:\WINDOWS\System32\SHELL32.dll
0x00007ffc07220000 - 0x00007ffc079b4000 	C:\WINDOWS\SYSTEM32\windows.storage.dll
0x00007ffc0ad80000 - 0x00007ffc0b0d4000 	C:\WINDOWS\System32\combase.dll
0x00007ffc08f00000 - 0x00007ffc08f30000 	C:\WINDOWS\SYSTEM32\Wldp.dll
0x00007ffc0bbc0000 - 0x00007ffc0bc6d000 	C:\WINDOWS\System32\SHCORE.dll
0x00007ffc0b630000 - 0x00007ffc0b685000 	C:\WINDOWS\System32\shlwapi.dll
0x00007ffc09450000 - 0x00007ffc0946f000 	C:\WINDOWS\SYSTEM32\profapi.dll
0x00007ffbdfd10000 - 0x00007ffbdfd29000 	C:\Program Files\Java\jdk-11.0.15\bin\net.dll
0x00007ffbf9900000 - 0x00007ffbf9a0a000 	C:\WINDOWS\SYSTEM32\WINHTTP.dll
0x00007ffc08c00000 - 0x00007ffc08c6a000 	C:\WINDOWS\system32\mswsock.dll
0x00007ffbd96e0000 - 0x00007ffbd96f2000 	C:\Program Files\Java\jdk-11.0.15\bin\nio.dll
0x00007ffc08930000 - 0x00007ffc089fa000 	C:\WINDOWS\SYSTEM32\DNSAPI.dll
0x00007ffc088f0000 - 0x00007ffc0892b000 	C:\WINDOWS\SYSTEM32\IPHLPAPI.DLL
0x00007ffc0ad70000 - 0x00007ffc0ad78000 	C:\WINDOWS\System32\NSI.dll
0x00007ffbf5d70000 - 0x00007ffbf5d7a000 	C:\Windows\System32\rasadhlp.dll
0x00007ffbf9ca0000 - 0x00007ffbf9d20000 	C:\WINDOWS\System32\fwpuclnt.dll
0x00007ffc09cb0000 - 0x00007ffc09cd7000 	C:\WINDOWS\System32\bcrypt.dll
0x00007ffbd40a0000 - 0x00007ffbd40c5000 	C:\Program Files\Java\jdk-11.0.15\bin\sunec.dll
0x00007ffc08df0000 - 0x00007ffc08e08000 	C:\WINDOWS\SYSTEM32\CRYPTSP.dll
0x00007ffc08580000 - 0x00007ffc085b4000 	C:\WINDOWS\system32\rsaenh.dll
0x00007ffc093d0000 - 0x00007ffc093fe000 	C:\WINDOWS\SYSTEM32\USERENV.dll
0x00007ffc08e10000 - 0x00007ffc08e1c000 	C:\WINDOWS\SYSTEM32\CRYPTBASE.dll
0x00007ffbfdad0000 - 0x00007ffbfdae7000 	C:\WINDOWS\SYSTEM32\dhcpcsvc6.DLL
0x00007ffbfde80000 - 0x00007ffbfde9d000 	C:\WINDOWS\SYSTEM32\dhcpcsvc.DLL

dbghelp: loaded successfully - version: 4.0.5 - missing functions: none
symbol engine: initialized successfully - sym options: 0x614 - pdb path: .;C:\Program Files\Java\jdk-11.0.15\bin;C:\WINDOWS\SYSTEM32;C:\WINDOWS\WinSxS\amd64_microsoft.windows.common-controls_6595b64144ccf1df_6.0.19041.1110_none_60b5254171f9507e;C:\Program Files\Java\jdk-11.0.15\bin\server

VM Arguments:
jvm_args: -Dfile.encoding=Cp1252 
java_command: projects.ProjectsApp
java_class_path (initial): C:\Users\nicho\eclipse-workspace\mysql-java\target\classes;C:\Users\nicho\.m2\repository\mysql\mysql-connector-java\8.0.30\mysql-connector-java-8.0.30.jar;C:\Users\nicho\.m2\repository\com\google\protobuf\protobuf-java\3.19.4\protobuf-java-3.19.4.jar
Launcher Type: SUN_STANDARD

[Global flags]
     intx CICompilerCount                          = 3                                         {product} {ergonomic}
     uint ConcGCThreads                            = 1                                         {product} {ergonomic}
     uint G1ConcRefinementThreads                  = 4                                         {product} {ergonomic}
   size_t G1HeapRegionSize                         = 1048576                                   {product} {ergonomic}
    uintx GCDrainStackTargetSize                   = 64                                        {product} {ergonomic}
   size_t InitialHeapSize                          = 67108864                                  {product} {ergonomic}
   size_t MarkStackSize                            = 4194304                                   {product} {ergonomic}
   size_t MaxHeapSize                              = 1050673152                                {product} {ergonomic}
   size_t MaxNewSize                               = 630194176                                 {product} {ergonomic}
   size_t MinHeapDeltaBytes                        = 1048576                                   {product} {ergonomic}
    uintx NonNMethodCodeHeapSize                   = 5830732                                {pd product} {ergonomic}
    uintx NonProfiledCodeHeapSize                  = 122913754                              {pd product} {ergonomic}
    uintx ProfiledCodeHeapSize                     = 122913754                              {pd product} {ergonomic}
    uintx ReservedCodeCacheSize                    = 251658240                              {pd product} {ergonomic}
     bool SegmentedCodeCache                       = true                                      {product} {ergonomic}
     bool UseCompressedClassPointers               = true                                 {lp64_product} {ergonomic}
     bool UseCompressedOops                        = true                                 {lp64_product} {ergonomic}
     bool UseG1GC                                  = true                                      {product} {ergonomic}
     bool UseLargePagesIndividualAllocation        = false                                  {pd product} {ergonomic}

Logging:
Log output configuration:
 #0: stdout all=warning uptime,level,tags
 #1: stderr all=off uptime,level,tags

Environment Variables:
PATH=C:/Program Files/Java/jdk-11.0.15/bin/server;C:/Program Files/Java/jdk-11.0.15/bin;C:\Program Files\MySQL\MySQL Server 8.0\bin;C:\Program Files\dotnet\;C:\Users\nicho\AppData\Local\Microsoft\WindowsApps;;C:\Users\nicho\eclipse\java-2022-03\eclipse;
USERNAME=nicho
OS=Windows_NT
PROCESSOR_IDENTIFIER=Intel64 Family 6 Model 76 Stepping 3, GenuineIntel



---------------  S Y S T E M  ---------------

OS: Windows 10 , 64 bit Build 19041 (10.0.19041.1889)

CPU:total 4 (initial active 4) (4 cores per cpu, 1 threads per core) family 6 model 76 stepping 3 microcode 0x368, cmov, cx8, fxsr, mmx, sse, sse2, sse3, ssse3, sse4.1, sse4.2, popcnt, aes, clmul, erms, 3dnowpref, tsc, tscinvbit

Memory: 4k page, system-wide physical 4007M (286M free)
TotalPageFile size 16295M (AvailPageFile size 3M)
current process WorkingSet (physical memory assigned to process): 67M, peak: 68M
current process commit charge ("private bytes"): 146M, peak: 147M

vm_info: Java HotSpot(TM) 64-Bit Server VM (11.0.15+8-LTS-149) for windows-amd64 JRE (11.0.15+8-LTS-149), built on Mar  9 2022 22:42:32 by "mach5one" with MS VC++ 15.9 (VS2017)

END.
